ARM GAS  /tmp/ccgvszgQ.s 			page 1


   1              		.cpu arm1176jz-s
   2              		.eabi_attribute 20, 1
   3              		.eabi_attribute 21, 1
   4              		.eabi_attribute 23, 3
   5              		.eabi_attribute 24, 1
   6              		.eabi_attribute 25, 1
   7              		.eabi_attribute 26, 1
   8              		.eabi_attribute 30, 2
   9              		.eabi_attribute 34, 1
  10              		.eabi_attribute 18, 4
  11              		.file	"chlists.c"
  12              		.text
  13              	.Ltext0:
  14              		.cfi_sections	.debug_frame
  15              	.Letext0:
  16              		.file 1 "/usr/lib/gcc/arm-none-eabi/9.2.1/include/stdint.h"
  17              		.file 2 "../os/ports/GCC/ARM/chtypes.h"
  18              		.file 3 "../os/kernel/include/chlists.h"
  19              		.file 4 "../os/kernel/include/chthreads.h"
  20              		.file 5 "../os/ports/GCC/ARM/chcore.h"
  21              		.file 6 "../os/kernel/include/chvt.h"
  22              		.file 7 "../os/kernel/include/chschd.h"
  23              		.file 8 "../os/kernel/include/chmtx.h"
  24              		.file 9 "../os/kernel/include/chregistry.h"
  25              		.file 10 "../os/kernel/include/ch.h"
  26              		.section	.debug_info,"",%progbits
  27              	.Ldebug_info0:
  28 0000 30060000 		.4byte	0x630
  29 0004 0400     		.2byte	0x4
  30 0006 00000000 		.4byte	.Ldebug_abbrev0
  31 000a 04       		.byte	0x4
  32 000b 01       		.uleb128 0x1
  33 000c 13000000 		.4byte	.LASF94
  34 0010 0C       		.byte	0xc
  35 0011 A1040000 		.4byte	.LASF95
  36 0015 B6030000 		.4byte	.LASF96
  37 0019 00000000 		.4byte	.Ldebug_line0
  38 001d 02       		.uleb128 0x2
  39 001e 04       		.byte	0x4
  40 001f 05       		.byte	0x5
  41 0020 696E7400 		.ascii	"int\000"
  42 0024 03       		.uleb128 0x3
  43 0025 04       		.byte	0x4
  44 0026 07       		.byte	0x7
  45 0027 D6010000 		.4byte	.LASF0
  46 002b 03       		.uleb128 0x3
  47 002c 01       		.byte	0x1
  48 002d 06       		.byte	0x6
  49 002e 45010000 		.4byte	.LASF1
  50 0032 03       		.uleb128 0x3
  51 0033 02       		.byte	0x2
  52 0034 05       		.byte	0x5
  53 0035 19030000 		.4byte	.LASF2
  54 0039 04       		.uleb128 0x4
  55 003a F9020000 		.4byte	.LASF5
  56 003e 01       		.byte	0x1
  57 003f 28       		.byte	0x28
ARM GAS  /tmp/ccgvszgQ.s 			page 2


  58 0040 18       		.byte	0x18
  59 0041 45000000 		.4byte	0x45
  60 0045 03       		.uleb128 0x3
  61 0046 04       		.byte	0x4
  62 0047 05       		.byte	0x5
  63 0048 80010000 		.4byte	.LASF3
  64 004c 03       		.uleb128 0x3
  65 004d 08       		.byte	0x8
  66 004e 05       		.byte	0x5
  67 004f 37010000 		.4byte	.LASF4
  68 0053 04       		.uleb128 0x4
  69 0054 80040000 		.4byte	.LASF6
  70 0058 01       		.byte	0x1
  71 0059 2E       		.byte	0x2e
  72 005a 18       		.byte	0x18
  73 005b 5F000000 		.4byte	0x5f
  74 005f 03       		.uleb128 0x3
  75 0060 01       		.byte	0x1
  76 0061 08       		.byte	0x8
  77 0062 01030000 		.4byte	.LASF7
  78 0066 04       		.uleb128 0x4
  79 0067 92010000 		.4byte	.LASF8
  80 006b 01       		.byte	0x1
  81 006c 31       		.byte	0x31
  82 006d 19       		.byte	0x19
  83 006e 72000000 		.4byte	0x72
  84 0072 03       		.uleb128 0x3
  85 0073 02       		.byte	0x2
  86 0074 07       		.byte	0x7
  87 0075 1C020000 		.4byte	.LASF9
  88 0079 04       		.uleb128 0x4
  89 007a 8C030000 		.4byte	.LASF10
  90 007e 01       		.byte	0x1
  91 007f 34       		.byte	0x34
  92 0080 19       		.byte	0x19
  93 0081 85000000 		.4byte	0x85
  94 0085 03       		.uleb128 0x3
  95 0086 04       		.byte	0x4
  96 0087 07       		.byte	0x7
  97 0088 EB010000 		.4byte	.LASF11
  98 008c 03       		.uleb128 0x3
  99 008d 08       		.byte	0x8
 100 008e 07       		.byte	0x7
 101 008f F5000000 		.4byte	.LASF12
 102 0093 04       		.uleb128 0x4
 103 0094 35020000 		.4byte	.LASF13
 104 0098 02       		.byte	0x2
 105 0099 2A       		.byte	0x2a
 106 009a 19       		.byte	0x19
 107 009b 53000000 		.4byte	0x53
 108 009f 04       		.uleb128 0x4
 109 00a0 89010000 		.4byte	.LASF14
 110 00a4 02       		.byte	0x2
 111 00a5 2B       		.byte	0x2b
 112 00a6 19       		.byte	0x19
 113 00a7 53000000 		.4byte	0x53
 114 00ab 04       		.uleb128 0x4
ARM GAS  /tmp/ccgvszgQ.s 			page 3


 115 00ac D7020000 		.4byte	.LASF15
 116 00b0 02       		.byte	0x2
 117 00b1 2C       		.byte	0x2c
 118 00b2 19       		.byte	0x19
 119 00b3 53000000 		.4byte	0x53
 120 00b7 04       		.uleb128 0x4
 121 00b8 76010000 		.4byte	.LASF16
 122 00bc 02       		.byte	0x2
 123 00bd 2D       		.byte	0x2d
 124 00be 19       		.byte	0x19
 125 00bf 53000000 		.4byte	0x53
 126 00c3 04       		.uleb128 0x4
 127 00c4 F1020000 		.4byte	.LASF17
 128 00c8 02       		.byte	0x2
 129 00c9 2E       		.byte	0x2e
 130 00ca 19       		.byte	0x19
 131 00cb 79000000 		.4byte	0x79
 132 00cf 04       		.uleb128 0x4
 133 00d0 2F020000 		.4byte	.LASF18
 134 00d4 02       		.byte	0x2
 135 00d5 2F       		.byte	0x2f
 136 00d6 19       		.byte	0x19
 137 00d7 39000000 		.4byte	0x39
 138 00db 04       		.uleb128 0x4
 139 00dc 49020000 		.4byte	.LASF19
 140 00e0 02       		.byte	0x2
 141 00e1 31       		.byte	0x31
 142 00e2 19       		.byte	0x19
 143 00e3 79000000 		.4byte	0x79
 144 00e7 04       		.uleb128 0x4
 145 00e8 20040000 		.4byte	.LASF20
 146 00ec 02       		.byte	0x2
 147 00ed 33       		.byte	0x33
 148 00ee 19       		.byte	0x19
 149 00ef 79000000 		.4byte	0x79
 150 00f3 05       		.uleb128 0x5
 151 00f4 E7000000 		.4byte	0xe7
 152 00f8 04       		.uleb128 0x4
 153 00f9 6D030000 		.4byte	.LASF21
 154 00fd 03       		.byte	0x3
 155 00fe 23       		.byte	0x23
 156 00ff 17       		.byte	0x17
 157 0100 04010000 		.4byte	0x104
 158 0104 06       		.uleb128 0x6
 159 0105 6D030000 		.4byte	.LASF21
 160 0109 44       		.byte	0x44
 161 010a 04       		.byte	0x4
 162 010b 57       		.byte	0x57
 163 010c 08       		.byte	0x8
 164 010d 09020000 		.4byte	0x209
 165 0111 07       		.uleb128 0x7
 166 0112 4F030000 		.4byte	.LASF22
 167 0116 04       		.byte	0x4
 168 0117 58       		.byte	0x58
 169 0118 1A       		.byte	0x1a
 170 0119 2D020000 		.4byte	0x22d
 171 011d 00       		.byte	0
ARM GAS  /tmp/ccgvszgQ.s 			page 4


 172 011e 07       		.uleb128 0x7
 173 011f EA020000 		.4byte	.LASF23
 174 0123 04       		.byte	0x4
 175 0124 5A       		.byte	0x5a
 176 0125 1A       		.byte	0x1a
 177 0126 2D020000 		.4byte	0x22d
 178 012a 04       		.byte	0x4
 179 012b 07       		.uleb128 0x7
 180 012c 23010000 		.4byte	.LASF24
 181 0130 04       		.byte	0x4
 182 0131 5C       		.byte	0x5c
 183 0132 19       		.byte	0x19
 184 0133 C3000000 		.4byte	0xc3
 185 0137 08       		.byte	0x8
 186 0138 07       		.uleb128 0x7
 187 0139 D6040000 		.4byte	.LASF25
 188 013d 04       		.byte	0x4
 189 013e 5D       		.byte	0x5d
 190 013f 19       		.byte	0x19
 191 0140 F8020000 		.4byte	0x2f8
 192 0144 0C       		.byte	0xc
 193 0145 07       		.uleb128 0x7
 194 0146 A5010000 		.4byte	.LASF26
 195 014a 04       		.byte	0x4
 196 014b 5F       		.byte	0x5f
 197 014c 1A       		.byte	0x1a
 198 014d 2D020000 		.4byte	0x22d
 199 0151 10       		.byte	0x10
 200 0152 07       		.uleb128 0x7
 201 0153 A2020000 		.4byte	.LASF27
 202 0157 04       		.byte	0x4
 203 0158 60       		.byte	0x60
 204 0159 1A       		.byte	0x1a
 205 015a 2D020000 		.4byte	0x22d
 206 015e 14       		.byte	0x14
 207 015f 07       		.uleb128 0x7
 208 0160 8F040000 		.4byte	.LASF28
 209 0164 04       		.byte	0x4
 210 0165 67       		.byte	0x67
 211 0166 1A       		.byte	0x1a
 212 0167 DE040000 		.4byte	0x4de
 213 016b 18       		.byte	0x18
 214 016c 07       		.uleb128 0x7
 215 016d 23030000 		.4byte	.LASF29
 216 0171 04       		.byte	0x4
 217 0172 72       		.byte	0x72
 218 0173 19       		.byte	0x19
 219 0174 9F000000 		.4byte	0x9f
 220 0178 1C       		.byte	0x1c
 221 0179 07       		.uleb128 0x7
 222 017a 65030000 		.4byte	.LASF30
 223 017e 04       		.byte	0x4
 224 017f 76       		.byte	0x76
 225 0180 19       		.byte	0x19
 226 0181 93000000 		.4byte	0x93
 227 0185 1D       		.byte	0x1d
 228 0186 07       		.uleb128 0x7
ARM GAS  /tmp/ccgvszgQ.s 			page 5


 229 0187 69040000 		.4byte	.LASF31
 230 018b 04       		.byte	0x4
 231 018c 7B       		.byte	0x7b
 232 018d 19       		.byte	0x19
 233 018e AB000000 		.4byte	0xab
 234 0192 1E       		.byte	0x1e
 235 0193 07       		.uleb128 0x7
 236 0194 2B030000 		.4byte	.LASF32
 237 0198 04       		.byte	0x4
 238 0199 81       		.byte	0x81
 239 019a 19       		.byte	0x19
 240 019b B7000000 		.4byte	0xb7
 241 019f 1F       		.byte	0x1f
 242 01a0 07       		.uleb128 0x7
 243 01a1 3E040000 		.4byte	.LASF33
 244 01a5 04       		.byte	0x4
 245 01a6 88       		.byte	0x88
 246 01a7 19       		.byte	0x19
 247 01a8 F3000000 		.4byte	0xf3
 248 01ac 20       		.byte	0x20
 249 01ad 08       		.uleb128 0x8
 250 01ae 705F7500 		.ascii	"p_u\000"
 251 01b2 04       		.byte	0x4
 252 01b3 AD       		.byte	0xad
 253 01b4 19       		.byte	0x19
 254 01b5 A4040000 		.4byte	0x4a4
 255 01b9 24       		.byte	0x24
 256 01ba 07       		.uleb128 0x7
 257 01bb DC040000 		.4byte	.LASF34
 258 01bf 04       		.byte	0x4
 259 01c0 B2       		.byte	0xb2
 260 01c1 19       		.byte	0x19
 261 01c2 56020000 		.4byte	0x256
 262 01c6 28       		.byte	0x28
 263 01c7 07       		.uleb128 0x7
 264 01c8 4C040000 		.4byte	.LASF35
 265 01cc 04       		.byte	0x4
 266 01cd B8       		.byte	0xb8
 267 01ce 19       		.byte	0x19
 268 01cf 33020000 		.4byte	0x233
 269 01d3 2C       		.byte	0x2c
 270 01d4 07       		.uleb128 0x7
 271 01d5 0D000000 		.4byte	.LASF36
 272 01d9 04       		.byte	0x4
 273 01da BC       		.byte	0xbc
 274 01db 19       		.byte	0x19
 275 01dc CF000000 		.4byte	0xcf
 276 01e0 34       		.byte	0x34
 277 01e1 07       		.uleb128 0x7
 278 01e2 81030000 		.4byte	.LASF37
 279 01e6 04       		.byte	0x4
 280 01e7 C2       		.byte	0xc2
 281 01e8 19       		.byte	0x19
 282 01e9 DB000000 		.4byte	0xdb
 283 01ed 38       		.byte	0x38
 284 01ee 07       		.uleb128 0x7
 285 01ef 0F030000 		.4byte	.LASF38
ARM GAS  /tmp/ccgvszgQ.s 			page 6


 286 01f3 04       		.byte	0x4
 287 01f4 C9       		.byte	0xc9
 288 01f5 1A       		.byte	0x1a
 289 01f6 F0040000 		.4byte	0x4f0
 290 01fa 3C       		.byte	0x3c
 291 01fb 07       		.uleb128 0x7
 292 01fc 2A040000 		.4byte	.LASF39
 293 0200 04       		.byte	0x4
 294 0201 CD       		.byte	0xcd
 295 0202 19       		.byte	0x19
 296 0203 C3000000 		.4byte	0xc3
 297 0207 40       		.byte	0x40
 298 0208 00       		.byte	0
 299 0209 09       		.uleb128 0x9
 300 020a 08       		.byte	0x8
 301 020b 03       		.byte	0x3
 302 020c 5A       		.byte	0x5a
 303 020d 09       		.byte	0x9
 304 020e 2D020000 		.4byte	0x22d
 305 0212 07       		.uleb128 0x7
 306 0213 4F030000 		.4byte	.LASF22
 307 0217 03       		.byte	0x3
 308 0218 5B       		.byte	0x5b
 309 0219 1A       		.byte	0x1a
 310 021a 2D020000 		.4byte	0x22d
 311 021e 00       		.byte	0
 312 021f 07       		.uleb128 0x7
 313 0220 EA020000 		.4byte	.LASF23
 314 0224 03       		.byte	0x3
 315 0225 5D       		.byte	0x5d
 316 0226 1A       		.byte	0x1a
 317 0227 2D020000 		.4byte	0x22d
 318 022b 04       		.byte	0x4
 319 022c 00       		.byte	0
 320 022d 0A       		.uleb128 0xa
 321 022e 04       		.byte	0x4
 322 022f F8000000 		.4byte	0xf8
 323 0233 04       		.uleb128 0x4
 324 0234 B0020000 		.4byte	.LASF40
 325 0238 03       		.byte	0x3
 326 0239 5F       		.byte	0x5f
 327 023a 03       		.byte	0x3
 328 023b 09020000 		.4byte	0x209
 329 023f 09       		.uleb128 0x9
 330 0240 04       		.byte	0x4
 331 0241 03       		.byte	0x3
 332 0242 64       		.byte	0x64
 333 0243 09       		.byte	0x9
 334 0244 56020000 		.4byte	0x256
 335 0248 07       		.uleb128 0x7
 336 0249 4F030000 		.4byte	.LASF22
 337 024d 03       		.byte	0x3
 338 024e 66       		.byte	0x66
 339 024f 16       		.byte	0x16
 340 0250 2D020000 		.4byte	0x22d
 341 0254 00       		.byte	0
 342 0255 00       		.byte	0
ARM GAS  /tmp/ccgvszgQ.s 			page 7


 343 0256 04       		.uleb128 0x4
 344 0257 3D020000 		.4byte	.LASF41
 345 025b 03       		.byte	0x3
 346 025c 69       		.byte	0x69
 347 025d 03       		.byte	0x3
 348 025e 3F020000 		.4byte	0x23f
 349 0262 04       		.uleb128 0x4
 350 0263 5B020000 		.4byte	.LASF42
 351 0267 05       		.byte	0x5
 352 0268 9D       		.byte	0x9d
 353 0269 12       		.byte	0x12
 354 026a 79000000 		.4byte	0x79
 355 026e 04       		.uleb128 0x4
 356 026f C5010000 		.4byte	.LASF43
 357 0273 05       		.byte	0x5
 358 0274 A2       		.byte	0xa2
 359 0275 0F       		.byte	0xf
 360 0276 7A020000 		.4byte	0x27a
 361 027a 0B       		.uleb128 0xb
 362 027b 04       		.byte	0x4
 363 027c 06       		.uleb128 0x6
 364 027d 45040000 		.4byte	.LASF44
 365 0281 24       		.byte	0x24
 366 0282 05       		.byte	0x5
 367 0283 B9       		.byte	0xb9
 368 0284 08       		.byte	0x8
 369 0285 F8020000 		.4byte	0x2f8
 370 0289 08       		.uleb128 0x8
 371 028a 723400   		.ascii	"r4\000"
 372 028d 05       		.byte	0x5
 373 028e BA       		.byte	0xba
 374 028f 11       		.byte	0x11
 375 0290 6E020000 		.4byte	0x26e
 376 0294 00       		.byte	0
 377 0295 08       		.uleb128 0x8
 378 0296 723500   		.ascii	"r5\000"
 379 0299 05       		.byte	0x5
 380 029a BB       		.byte	0xbb
 381 029b 11       		.byte	0x11
 382 029c 6E020000 		.4byte	0x26e
 383 02a0 04       		.byte	0x4
 384 02a1 08       		.uleb128 0x8
 385 02a2 723600   		.ascii	"r6\000"
 386 02a5 05       		.byte	0x5
 387 02a6 BC       		.byte	0xbc
 388 02a7 11       		.byte	0x11
 389 02a8 6E020000 		.4byte	0x26e
 390 02ac 08       		.byte	0x8
 391 02ad 08       		.uleb128 0x8
 392 02ae 723700   		.ascii	"r7\000"
 393 02b1 05       		.byte	0x5
 394 02b2 BD       		.byte	0xbd
 395 02b3 11       		.byte	0x11
 396 02b4 6E020000 		.4byte	0x26e
 397 02b8 0C       		.byte	0xc
 398 02b9 08       		.uleb128 0x8
 399 02ba 723800   		.ascii	"r8\000"
ARM GAS  /tmp/ccgvszgQ.s 			page 8


 400 02bd 05       		.byte	0x5
 401 02be BE       		.byte	0xbe
 402 02bf 11       		.byte	0x11
 403 02c0 6E020000 		.4byte	0x26e
 404 02c4 10       		.byte	0x10
 405 02c5 08       		.uleb128 0x8
 406 02c6 723900   		.ascii	"r9\000"
 407 02c9 05       		.byte	0x5
 408 02ca BF       		.byte	0xbf
 409 02cb 11       		.byte	0x11
 410 02cc 6E020000 		.4byte	0x26e
 411 02d0 14       		.byte	0x14
 412 02d1 08       		.uleb128 0x8
 413 02d2 72313000 		.ascii	"r10\000"
 414 02d6 05       		.byte	0x5
 415 02d7 C0       		.byte	0xc0
 416 02d8 11       		.byte	0x11
 417 02d9 6E020000 		.4byte	0x26e
 418 02dd 18       		.byte	0x18
 419 02de 08       		.uleb128 0x8
 420 02df 72313100 		.ascii	"r11\000"
 421 02e3 05       		.byte	0x5
 422 02e4 C1       		.byte	0xc1
 423 02e5 11       		.byte	0x11
 424 02e6 6E020000 		.4byte	0x26e
 425 02ea 1C       		.byte	0x1c
 426 02eb 08       		.uleb128 0x8
 427 02ec 6C7200   		.ascii	"lr\000"
 428 02ef 05       		.byte	0x5
 429 02f0 C2       		.byte	0xc2
 430 02f1 11       		.byte	0x11
 431 02f2 6E020000 		.4byte	0x26e
 432 02f6 20       		.byte	0x20
 433 02f7 00       		.byte	0
 434 02f8 06       		.uleb128 0x6
 435 02f9 14020000 		.4byte	.LASF45
 436 02fd 04       		.byte	0x4
 437 02fe 05       		.byte	0x5
 438 02ff CA       		.byte	0xca
 439 0300 08       		.byte	0x8
 440 0301 13030000 		.4byte	0x313
 441 0305 08       		.uleb128 0x8
 442 0306 72313300 		.ascii	"r13\000"
 443 030a 05       		.byte	0x5
 444 030b CB       		.byte	0xcb
 445 030c 12       		.byte	0x12
 446 030d 13030000 		.4byte	0x313
 447 0311 00       		.byte	0
 448 0312 00       		.byte	0
 449 0313 0A       		.uleb128 0xa
 450 0314 04       		.byte	0x4
 451 0315 7C020000 		.4byte	0x27c
 452 0319 04       		.uleb128 0x4
 453 031a 35040000 		.4byte	.LASF46
 454 031e 06       		.byte	0x6
 455 031f 4E       		.byte	0x4e
 456 0320 10       		.byte	0x10
ARM GAS  /tmp/ccgvszgQ.s 			page 9


 457 0321 25030000 		.4byte	0x325
 458 0325 0A       		.uleb128 0xa
 459 0326 04       		.byte	0x4
 460 0327 2B030000 		.4byte	0x32b
 461 032b 0C       		.uleb128 0xc
 462 032c 36030000 		.4byte	0x336
 463 0330 0D       		.uleb128 0xd
 464 0331 7A020000 		.4byte	0x27a
 465 0335 00       		.byte	0
 466 0336 04       		.uleb128 0x4
 467 0337 A9030000 		.4byte	.LASF47
 468 033b 06       		.byte	0x6
 469 033c 53       		.byte	0x53
 470 033d 1D       		.byte	0x1d
 471 033e 42030000 		.4byte	0x342
 472 0342 06       		.uleb128 0x6
 473 0343 A9030000 		.4byte	.LASF47
 474 0347 14       		.byte	0x14
 475 0348 06       		.byte	0x6
 476 0349 5A       		.byte	0x5a
 477 034a 08       		.byte	0x8
 478 034b 91030000 		.4byte	0x391
 479 034f 07       		.uleb128 0x7
 480 0350 E3010000 		.4byte	.LASF48
 481 0354 06       		.byte	0x6
 482 0355 5B       		.byte	0x5b
 483 0356 1A       		.byte	0x1a
 484 0357 91030000 		.4byte	0x391
 485 035b 00       		.byte	0
 486 035c 07       		.uleb128 0x7
 487 035d CE010000 		.4byte	.LASF49
 488 0361 06       		.byte	0x6
 489 0362 5D       		.byte	0x5d
 490 0363 1A       		.byte	0x1a
 491 0364 91030000 		.4byte	0x391
 492 0368 04       		.byte	0x4
 493 0369 07       		.uleb128 0x7
 494 036a 7A020000 		.4byte	.LASF50
 495 036e 06       		.byte	0x6
 496 036f 5F       		.byte	0x5f
 497 0370 19       		.byte	0x19
 498 0371 E7000000 		.4byte	0xe7
 499 0375 08       		.byte	0x8
 500 0376 07       		.uleb128 0x7
 501 0377 82020000 		.4byte	.LASF51
 502 037b 06       		.byte	0x6
 503 037c 60       		.byte	0x60
 504 037d 19       		.byte	0x19
 505 037e 19030000 		.4byte	0x319
 506 0382 0C       		.byte	0xc
 507 0383 07       		.uleb128 0x7
 508 0384 57040000 		.4byte	.LASF52
 509 0388 06       		.byte	0x6
 510 0389 62       		.byte	0x62
 511 038a 1A       		.byte	0x1a
 512 038b 7A020000 		.4byte	0x27a
 513 038f 10       		.byte	0x10
ARM GAS  /tmp/ccgvszgQ.s 			page 10


 514 0390 00       		.byte	0
 515 0391 0A       		.uleb128 0xa
 516 0392 04       		.byte	0x4
 517 0393 36030000 		.4byte	0x336
 518 0397 09       		.uleb128 0x9
 519 0398 10       		.byte	0x10
 520 0399 06       		.byte	0x6
 521 039a 6C       		.byte	0x6c
 522 039b 09       		.byte	0x9
 523 039c D5030000 		.4byte	0x3d5
 524 03a0 07       		.uleb128 0x7
 525 03a1 E3010000 		.4byte	.LASF48
 526 03a5 06       		.byte	0x6
 527 03a6 6D       		.byte	0x6d
 528 03a7 1A       		.byte	0x1a
 529 03a8 91030000 		.4byte	0x391
 530 03ac 00       		.byte	0
 531 03ad 07       		.uleb128 0x7
 532 03ae CE010000 		.4byte	.LASF49
 533 03b2 06       		.byte	0x6
 534 03b3 6F       		.byte	0x6f
 535 03b4 1A       		.byte	0x1a
 536 03b5 91030000 		.4byte	0x391
 537 03b9 04       		.byte	0x4
 538 03ba 07       		.uleb128 0x7
 539 03bb 7A020000 		.4byte	.LASF50
 540 03bf 06       		.byte	0x6
 541 03c0 71       		.byte	0x71
 542 03c1 19       		.byte	0x19
 543 03c2 E7000000 		.4byte	0xe7
 544 03c6 08       		.byte	0x8
 545 03c7 07       		.uleb128 0x7
 546 03c8 96040000 		.4byte	.LASF53
 547 03cc 06       		.byte	0x6
 548 03cd 72       		.byte	0x72
 549 03ce 19       		.byte	0x19
 550 03cf F3000000 		.4byte	0xf3
 551 03d3 0C       		.byte	0xc
 552 03d4 00       		.byte	0
 553 03d5 04       		.uleb128 0x4
 554 03d6 C7040000 		.4byte	.LASF54
 555 03da 06       		.byte	0x6
 556 03db 73       		.byte	0x73
 557 03dc 03       		.byte	0x3
 558 03dd 97030000 		.4byte	0x397
 559 03e1 0E       		.uleb128 0xe
 560 03e2 EE000000 		.4byte	.LASF62
 561 03e6 06       		.byte	0x6
 562 03e7 D1       		.byte	0xd1
 563 03e8 0F       		.byte	0xf
 564 03e9 D5030000 		.4byte	0x3d5
 565 03ed 09       		.uleb128 0x9
 566 03ee 1C       		.byte	0x1c
 567 03ef 07       		.byte	0x7
 568 03f0 57       		.byte	0x57
 569 03f1 09       		.byte	0x9
 570 03f2 45040000 		.4byte	0x445
ARM GAS  /tmp/ccgvszgQ.s 			page 11


 571 03f6 07       		.uleb128 0x7
 572 03f7 A1030000 		.4byte	.LASF55
 573 03fb 07       		.byte	0x7
 574 03fc 58       		.byte	0x58
 575 03fd 19       		.byte	0x19
 576 03fe 33020000 		.4byte	0x233
 577 0402 00       		.byte	0
 578 0403 07       		.uleb128 0x7
 579 0404 41030000 		.4byte	.LASF56
 580 0408 07       		.byte	0x7
 581 0409 59       		.byte	0x59
 582 040a 19       		.byte	0x19
 583 040b C3000000 		.4byte	0xc3
 584 040f 08       		.byte	0x8
 585 0410 07       		.uleb128 0x7
 586 0411 AA020000 		.4byte	.LASF57
 587 0415 07       		.byte	0x7
 588 0416 5B       		.byte	0x5b
 589 0417 19       		.byte	0x19
 590 0418 F8020000 		.4byte	0x2f8
 591 041c 0C       		.byte	0xc
 592 041d 07       		.uleb128 0x7
 593 041e BD010000 		.4byte	.LASF58
 594 0422 07       		.byte	0x7
 595 0423 5E       		.byte	0x5e
 596 0424 1A       		.byte	0x1a
 597 0425 2D020000 		.4byte	0x22d
 598 0429 10       		.byte	0x10
 599 042a 07       		.uleb128 0x7
 600 042b CF020000 		.4byte	.LASF59
 601 042f 07       		.byte	0x7
 602 0430 5F       		.byte	0x5f
 603 0431 1A       		.byte	0x1a
 604 0432 2D020000 		.4byte	0x22d
 605 0436 14       		.byte	0x14
 606 0437 07       		.uleb128 0x7
 607 0438 C5020000 		.4byte	.LASF60
 608 043c 07       		.byte	0x7
 609 043d 62       		.byte	0x62
 610 043e 1A       		.byte	0x1a
 611 043f 2D020000 		.4byte	0x22d
 612 0443 18       		.byte	0x18
 613 0444 00       		.byte	0
 614 0445 04       		.uleb128 0x4
 615 0446 70040000 		.4byte	.LASF61
 616 044a 07       		.byte	0x7
 617 044b 64       		.byte	0x64
 618 044c 03       		.byte	0x3
 619 044d ED030000 		.4byte	0x3ed
 620 0451 0E       		.uleb128 0xe
 621 0452 7A040000 		.4byte	.LASF63
 622 0456 07       		.byte	0x7
 623 0457 68       		.byte	0x68
 624 0458 12       		.byte	0x12
 625 0459 45040000 		.4byte	0x445
 626 045d 06       		.uleb128 0x6
 627 045e 55020000 		.4byte	.LASF64
ARM GAS  /tmp/ccgvszgQ.s 			page 12


 628 0462 10       		.byte	0x10
 629 0463 08       		.byte	0x8
 630 0464 25       		.byte	0x25
 631 0465 10       		.byte	0x10
 632 0466 92040000 		.4byte	0x492
 633 046a 07       		.uleb128 0x7
 634 046b 6E010000 		.4byte	.LASF65
 635 046f 08       		.byte	0x8
 636 0470 26       		.byte	0x26
 637 0471 19       		.byte	0x19
 638 0472 33020000 		.4byte	0x233
 639 0476 00       		.byte	0
 640 0477 07       		.uleb128 0x7
 641 0478 CE040000 		.4byte	.LASF66
 642 047c 08       		.byte	0x8
 643 047d 28       		.byte	0x28
 644 047e 1A       		.byte	0x1a
 645 047f 2D020000 		.4byte	0x22d
 646 0483 08       		.byte	0x8
 647 0484 07       		.uleb128 0x7
 648 0485 19040000 		.4byte	.LASF67
 649 0489 08       		.byte	0x8
 650 048a 2A       		.byte	0x2a
 651 048b 1A       		.byte	0x1a
 652 048c 92040000 		.4byte	0x492
 653 0490 0C       		.byte	0xc
 654 0491 00       		.byte	0
 655 0492 0A       		.uleb128 0xa
 656 0493 04       		.byte	0x4
 657 0494 5D040000 		.4byte	0x45d
 658 0498 04       		.uleb128 0x4
 659 0499 55020000 		.4byte	.LASF64
 660 049d 08       		.byte	0x8
 661 049e 2C       		.byte	0x2c
 662 049f 03       		.byte	0x3
 663 04a0 5D040000 		.4byte	0x45d
 664 04a4 0F       		.uleb128 0xf
 665 04a5 04       		.byte	0x4
 666 04a6 04       		.byte	0x4
 667 04a7 8F       		.byte	0x8f
 668 04a8 03       		.byte	0x3
 669 04a9 DE040000 		.4byte	0x4de
 670 04ad 10       		.uleb128 0x10
 671 04ae E7000000 		.4byte	.LASF68
 672 04b2 04       		.byte	0x4
 673 04b3 96       		.byte	0x96
 674 04b4 19       		.byte	0x19
 675 04b5 CF000000 		.4byte	0xcf
 676 04b9 10       		.uleb128 0x10
 677 04ba 1A010000 		.4byte	.LASF69
 678 04be 04       		.byte	0x4
 679 04bf 9D       		.byte	0x9d
 680 04c0 19       		.byte	0x19
 681 04c1 CF000000 		.4byte	0xcf
 682 04c5 10       		.uleb128 0x10
 683 04c6 88040000 		.4byte	.LASF70
 684 04ca 04       		.byte	0x4
ARM GAS  /tmp/ccgvszgQ.s 			page 13


 685 04cb A4       		.byte	0xa4
 686 04cc 1A       		.byte	0x1a
 687 04cd 7A020000 		.4byte	0x27a
 688 04d1 10       		.uleb128 0x10
 689 04d2 48030000 		.4byte	.LASF71
 690 04d6 04       		.byte	0x4
 691 04d7 AB       		.byte	0xab
 692 04d8 19       		.byte	0x19
 693 04d9 DB000000 		.4byte	0xdb
 694 04dd 00       		.byte	0
 695 04de 0A       		.uleb128 0xa
 696 04df 04       		.byte	0x4
 697 04e0 EB040000 		.4byte	0x4eb
 698 04e4 03       		.uleb128 0x3
 699 04e5 01       		.byte	0x1
 700 04e6 08       		.byte	0x8
 701 04e7 14040000 		.4byte	.LASF72
 702 04eb 11       		.uleb128 0x11
 703 04ec E4040000 		.4byte	0x4e4
 704 04f0 0A       		.uleb128 0xa
 705 04f1 04       		.byte	0x4
 706 04f2 98040000 		.4byte	0x498
 707 04f6 09       		.uleb128 0x9
 708 04f7 16       		.byte	0x16
 709 04f8 09       		.byte	0x9
 710 04f9 25       		.byte	0x25
 711 04fa 09       		.byte	0x9
 712 04fb EA050000 		.4byte	0x5ea
 713 04ff 07       		.uleb128 0x7
 714 0500 06020000 		.4byte	.LASF73
 715 0504 09       		.byte	0x9
 716 0505 26       		.byte	0x26
 717 0506 0D       		.byte	0xd
 718 0507 EA050000 		.4byte	0x5ea
 719 050b 00       		.byte	0
 720 050c 07       		.uleb128 0x7
 721 050d 66020000 		.4byte	.LASF74
 722 0511 09       		.byte	0x9
 723 0512 27       		.byte	0x27
 724 0513 0D       		.byte	0xd
 725 0514 53000000 		.4byte	0x53
 726 0518 04       		.byte	0x4
 727 0519 07       		.uleb128 0x7
 728 051a BD020000 		.4byte	.LASF75
 729 051e 09       		.byte	0x9
 730 051f 28       		.byte	0x28
 731 0520 0D       		.byte	0xd
 732 0521 53000000 		.4byte	0x53
 733 0525 05       		.byte	0x5
 734 0526 07       		.uleb128 0x7
 735 0527 BC040000 		.4byte	.LASF76
 736 052b 09       		.byte	0x9
 737 052c 29       		.byte	0x29
 738 052d 0D       		.byte	0xd
 739 052e 66000000 		.4byte	0x66
 740 0532 06       		.byte	0x6
 741 0533 07       		.uleb128 0x7
ARM GAS  /tmp/ccgvszgQ.s 			page 14


 742 0534 DF020000 		.4byte	.LASF77
 743 0538 09       		.byte	0x9
 744 0539 2A       		.byte	0x2a
 745 053a 0D       		.byte	0xd
 746 053b 53000000 		.4byte	0x53
 747 053f 08       		.byte	0x8
 748 0540 07       		.uleb128 0x7
 749 0541 8A020000 		.4byte	.LASF78
 750 0545 09       		.byte	0x9
 751 0546 2B       		.byte	0x2b
 752 0547 0D       		.byte	0xd
 753 0548 53000000 		.4byte	0x53
 754 054c 09       		.byte	0x9
 755 054d 07       		.uleb128 0x7
 756 054e 0C010000 		.4byte	.LASF79
 757 0552 09       		.byte	0x9
 758 0553 2C       		.byte	0x2c
 759 0554 0D       		.byte	0xd
 760 0555 53000000 		.4byte	0x53
 761 0559 0A       		.byte	0xa
 762 055a 07       		.uleb128 0x7
 763 055b 95030000 		.4byte	.LASF80
 764 055f 09       		.byte	0x9
 765 0560 2D       		.byte	0x2d
 766 0561 0D       		.byte	0xd
 767 0562 53000000 		.4byte	0x53
 768 0566 0B       		.byte	0xb
 769 0567 07       		.uleb128 0x7
 770 0568 5E040000 		.4byte	.LASF81
 771 056c 09       		.byte	0x9
 772 056d 2E       		.byte	0x2e
 773 056e 0D       		.byte	0xd
 774 056f 53000000 		.4byte	0x53
 775 0573 0C       		.byte	0xc
 776 0574 07       		.uleb128 0x7
 777 0575 74030000 		.4byte	.LASF82
 778 0579 09       		.byte	0x9
 779 057a 2F       		.byte	0x2f
 780 057b 0D       		.byte	0xd
 781 057c 53000000 		.4byte	0x53
 782 0580 0D       		.byte	0xd
 783 0581 07       		.uleb128 0x7
 784 0582 00000000 		.4byte	.LASF83
 785 0586 09       		.byte	0x9
 786 0587 30       		.byte	0x30
 787 0588 0D       		.byte	0xd
 788 0589 53000000 		.4byte	0x53
 789 058d 0E       		.byte	0xe
 790 058e 07       		.uleb128 0x7
 791 058f 96020000 		.4byte	.LASF84
 792 0593 09       		.byte	0x9
 793 0594 31       		.byte	0x31
 794 0595 0D       		.byte	0xd
 795 0596 53000000 		.4byte	0x53
 796 059a 0F       		.byte	0xf
 797 059b 07       		.uleb128 0x7
 798 059c 51010000 		.4byte	.LASF85
ARM GAS  /tmp/ccgvszgQ.s 			page 15


 799 05a0 09       		.byte	0x9
 800 05a1 32       		.byte	0x32
 801 05a2 0D       		.byte	0xd
 802 05a3 53000000 		.4byte	0x53
 803 05a7 10       		.byte	0x10
 804 05a8 07       		.uleb128 0x7
 805 05a9 2A010000 		.4byte	.LASF86
 806 05ad 09       		.byte	0x9
 807 05ae 34       		.byte	0x34
 808 05af 0D       		.byte	0xd
 809 05b0 53000000 		.4byte	0x53
 810 05b4 11       		.byte	0x11
 811 05b5 07       		.uleb128 0x7
 812 05b6 61010000 		.4byte	.LASF87
 813 05ba 09       		.byte	0x9
 814 05bb 35       		.byte	0x35
 815 05bc 0D       		.byte	0xd
 816 05bd 53000000 		.4byte	0x53
 817 05c1 12       		.byte	0x12
 818 05c2 07       		.uleb128 0x7
 819 05c3 6E020000 		.4byte	.LASF88
 820 05c7 09       		.byte	0x9
 821 05c8 36       		.byte	0x36
 822 05c9 0D       		.byte	0xd
 823 05ca 53000000 		.4byte	0x53
 824 05ce 13       		.byte	0x13
 825 05cf 07       		.uleb128 0x7
 826 05d0 56030000 		.4byte	.LASF89
 827 05d4 09       		.byte	0x9
 828 05d5 37       		.byte	0x37
 829 05d6 0D       		.byte	0xd
 830 05d7 53000000 		.4byte	0x53
 831 05db 14       		.byte	0x14
 832 05dc 07       		.uleb128 0x7
 833 05dd 35030000 		.4byte	.LASF90
 834 05e1 09       		.byte	0x9
 835 05e2 39       		.byte	0x39
 836 05e3 0D       		.byte	0xd
 837 05e4 53000000 		.4byte	0x53
 838 05e8 15       		.byte	0x15
 839 05e9 00       		.byte	0
 840 05ea 12       		.uleb128 0x12
 841 05eb E4040000 		.4byte	0x4e4
 842 05ef FA050000 		.4byte	0x5fa
 843 05f3 13       		.uleb128 0x13
 844 05f4 24000000 		.4byte	0x24
 845 05f8 03       		.byte	0x3
 846 05f9 00       		.byte	0
 847 05fa 04       		.uleb128 0x4
 848 05fb 9B010000 		.4byte	.LASF91
 849 05ff 09       		.byte	0x9
 850 0600 3A       		.byte	0x3a
 851 0601 03       		.byte	0x3
 852 0602 F6040000 		.4byte	0x4f6
 853 0606 11       		.uleb128 0x11
 854 0607 FA050000 		.4byte	0x5fa
 855 060b 0E       		.uleb128 0xe
ARM GAS  /tmp/ccgvszgQ.s 			page 16


 856 060c FD010000 		.4byte	.LASF92
 857 0610 09       		.byte	0x9
 858 0611 77       		.byte	0x77
 859 0612 1D       		.byte	0x1d
 860 0613 06060000 		.4byte	0x606
 861 0617 12       		.uleb128 0x12
 862 0618 62020000 		.4byte	0x262
 863 061c 27060000 		.4byte	0x627
 864 0620 13       		.uleb128 0x13
 865 0621 24000000 		.4byte	0x24
 866 0625 26       		.byte	0x26
 867 0626 00       		.byte	0
 868 0627 0E       		.uleb128 0xe
 869 0628 AD010000 		.4byte	.LASF93
 870 062c 0A       		.byte	0xa
 871 062d 82       		.byte	0x82
 872 062e 08       		.byte	0x8
 873 062f 17060000 		.4byte	0x617
 874 0633 00       		.byte	0
 875              		.section	.debug_abbrev,"",%progbits
 876              	.Ldebug_abbrev0:
 877 0000 01       		.uleb128 0x1
 878 0001 11       		.uleb128 0x11
 879 0002 01       		.byte	0x1
 880 0003 25       		.uleb128 0x25
 881 0004 0E       		.uleb128 0xe
 882 0005 13       		.uleb128 0x13
 883 0006 0B       		.uleb128 0xb
 884 0007 03       		.uleb128 0x3
 885 0008 0E       		.uleb128 0xe
 886 0009 1B       		.uleb128 0x1b
 887 000a 0E       		.uleb128 0xe
 888 000b 10       		.uleb128 0x10
 889 000c 17       		.uleb128 0x17
 890 000d 00       		.byte	0
 891 000e 00       		.byte	0
 892 000f 02       		.uleb128 0x2
 893 0010 24       		.uleb128 0x24
 894 0011 00       		.byte	0
 895 0012 0B       		.uleb128 0xb
 896 0013 0B       		.uleb128 0xb
 897 0014 3E       		.uleb128 0x3e
 898 0015 0B       		.uleb128 0xb
 899 0016 03       		.uleb128 0x3
 900 0017 08       		.uleb128 0x8
 901 0018 00       		.byte	0
 902 0019 00       		.byte	0
 903 001a 03       		.uleb128 0x3
 904 001b 24       		.uleb128 0x24
 905 001c 00       		.byte	0
 906 001d 0B       		.uleb128 0xb
 907 001e 0B       		.uleb128 0xb
 908 001f 3E       		.uleb128 0x3e
 909 0020 0B       		.uleb128 0xb
 910 0021 03       		.uleb128 0x3
 911 0022 0E       		.uleb128 0xe
 912 0023 00       		.byte	0
ARM GAS  /tmp/ccgvszgQ.s 			page 17


 913 0024 00       		.byte	0
 914 0025 04       		.uleb128 0x4
 915 0026 16       		.uleb128 0x16
 916 0027 00       		.byte	0
 917 0028 03       		.uleb128 0x3
 918 0029 0E       		.uleb128 0xe
 919 002a 3A       		.uleb128 0x3a
 920 002b 0B       		.uleb128 0xb
 921 002c 3B       		.uleb128 0x3b
 922 002d 0B       		.uleb128 0xb
 923 002e 39       		.uleb128 0x39
 924 002f 0B       		.uleb128 0xb
 925 0030 49       		.uleb128 0x49
 926 0031 13       		.uleb128 0x13
 927 0032 00       		.byte	0
 928 0033 00       		.byte	0
 929 0034 05       		.uleb128 0x5
 930 0035 35       		.uleb128 0x35
 931 0036 00       		.byte	0
 932 0037 49       		.uleb128 0x49
 933 0038 13       		.uleb128 0x13
 934 0039 00       		.byte	0
 935 003a 00       		.byte	0
 936 003b 06       		.uleb128 0x6
 937 003c 13       		.uleb128 0x13
 938 003d 01       		.byte	0x1
 939 003e 03       		.uleb128 0x3
 940 003f 0E       		.uleb128 0xe
 941 0040 0B       		.uleb128 0xb
 942 0041 0B       		.uleb128 0xb
 943 0042 3A       		.uleb128 0x3a
 944 0043 0B       		.uleb128 0xb
 945 0044 3B       		.uleb128 0x3b
 946 0045 0B       		.uleb128 0xb
 947 0046 39       		.uleb128 0x39
 948 0047 0B       		.uleb128 0xb
 949 0048 01       		.uleb128 0x1
 950 0049 13       		.uleb128 0x13
 951 004a 00       		.byte	0
 952 004b 00       		.byte	0
 953 004c 07       		.uleb128 0x7
 954 004d 0D       		.uleb128 0xd
 955 004e 00       		.byte	0
 956 004f 03       		.uleb128 0x3
 957 0050 0E       		.uleb128 0xe
 958 0051 3A       		.uleb128 0x3a
 959 0052 0B       		.uleb128 0xb
 960 0053 3B       		.uleb128 0x3b
 961 0054 0B       		.uleb128 0xb
 962 0055 39       		.uleb128 0x39
 963 0056 0B       		.uleb128 0xb
 964 0057 49       		.uleb128 0x49
 965 0058 13       		.uleb128 0x13
 966 0059 38       		.uleb128 0x38
 967 005a 0B       		.uleb128 0xb
 968 005b 00       		.byte	0
 969 005c 00       		.byte	0
ARM GAS  /tmp/ccgvszgQ.s 			page 18


 970 005d 08       		.uleb128 0x8
 971 005e 0D       		.uleb128 0xd
 972 005f 00       		.byte	0
 973 0060 03       		.uleb128 0x3
 974 0061 08       		.uleb128 0x8
 975 0062 3A       		.uleb128 0x3a
 976 0063 0B       		.uleb128 0xb
 977 0064 3B       		.uleb128 0x3b
 978 0065 0B       		.uleb128 0xb
 979 0066 39       		.uleb128 0x39
 980 0067 0B       		.uleb128 0xb
 981 0068 49       		.uleb128 0x49
 982 0069 13       		.uleb128 0x13
 983 006a 38       		.uleb128 0x38
 984 006b 0B       		.uleb128 0xb
 985 006c 00       		.byte	0
 986 006d 00       		.byte	0
 987 006e 09       		.uleb128 0x9
 988 006f 13       		.uleb128 0x13
 989 0070 01       		.byte	0x1
 990 0071 0B       		.uleb128 0xb
 991 0072 0B       		.uleb128 0xb
 992 0073 3A       		.uleb128 0x3a
 993 0074 0B       		.uleb128 0xb
 994 0075 3B       		.uleb128 0x3b
 995 0076 0B       		.uleb128 0xb
 996 0077 39       		.uleb128 0x39
 997 0078 0B       		.uleb128 0xb
 998 0079 01       		.uleb128 0x1
 999 007a 13       		.uleb128 0x13
 1000 007b 00       		.byte	0
 1001 007c 00       		.byte	0
 1002 007d 0A       		.uleb128 0xa
 1003 007e 0F       		.uleb128 0xf
 1004 007f 00       		.byte	0
 1005 0080 0B       		.uleb128 0xb
 1006 0081 0B       		.uleb128 0xb
 1007 0082 49       		.uleb128 0x49
 1008 0083 13       		.uleb128 0x13
 1009 0084 00       		.byte	0
 1010 0085 00       		.byte	0
 1011 0086 0B       		.uleb128 0xb
 1012 0087 0F       		.uleb128 0xf
 1013 0088 00       		.byte	0
 1014 0089 0B       		.uleb128 0xb
 1015 008a 0B       		.uleb128 0xb
 1016 008b 00       		.byte	0
 1017 008c 00       		.byte	0
 1018 008d 0C       		.uleb128 0xc
 1019 008e 15       		.uleb128 0x15
 1020 008f 01       		.byte	0x1
 1021 0090 27       		.uleb128 0x27
 1022 0091 19       		.uleb128 0x19
 1023 0092 01       		.uleb128 0x1
 1024 0093 13       		.uleb128 0x13
 1025 0094 00       		.byte	0
 1026 0095 00       		.byte	0
ARM GAS  /tmp/ccgvszgQ.s 			page 19


 1027 0096 0D       		.uleb128 0xd
 1028 0097 05       		.uleb128 0x5
 1029 0098 00       		.byte	0
 1030 0099 49       		.uleb128 0x49
 1031 009a 13       		.uleb128 0x13
 1032 009b 00       		.byte	0
 1033 009c 00       		.byte	0
 1034 009d 0E       		.uleb128 0xe
 1035 009e 34       		.uleb128 0x34
 1036 009f 00       		.byte	0
 1037 00a0 03       		.uleb128 0x3
 1038 00a1 0E       		.uleb128 0xe
 1039 00a2 3A       		.uleb128 0x3a
 1040 00a3 0B       		.uleb128 0xb
 1041 00a4 3B       		.uleb128 0x3b
 1042 00a5 0B       		.uleb128 0xb
 1043 00a6 39       		.uleb128 0x39
 1044 00a7 0B       		.uleb128 0xb
 1045 00a8 49       		.uleb128 0x49
 1046 00a9 13       		.uleb128 0x13
 1047 00aa 3F       		.uleb128 0x3f
 1048 00ab 19       		.uleb128 0x19
 1049 00ac 3C       		.uleb128 0x3c
 1050 00ad 19       		.uleb128 0x19
 1051 00ae 00       		.byte	0
 1052 00af 00       		.byte	0
 1053 00b0 0F       		.uleb128 0xf
 1054 00b1 17       		.uleb128 0x17
 1055 00b2 01       		.byte	0x1
 1056 00b3 0B       		.uleb128 0xb
 1057 00b4 0B       		.uleb128 0xb
 1058 00b5 3A       		.uleb128 0x3a
 1059 00b6 0B       		.uleb128 0xb
 1060 00b7 3B       		.uleb128 0x3b
 1061 00b8 0B       		.uleb128 0xb
 1062 00b9 39       		.uleb128 0x39
 1063 00ba 0B       		.uleb128 0xb
 1064 00bb 01       		.uleb128 0x1
 1065 00bc 13       		.uleb128 0x13
 1066 00bd 00       		.byte	0
 1067 00be 00       		.byte	0
 1068 00bf 10       		.uleb128 0x10
 1069 00c0 0D       		.uleb128 0xd
 1070 00c1 00       		.byte	0
 1071 00c2 03       		.uleb128 0x3
 1072 00c3 0E       		.uleb128 0xe
 1073 00c4 3A       		.uleb128 0x3a
 1074 00c5 0B       		.uleb128 0xb
 1075 00c6 3B       		.uleb128 0x3b
 1076 00c7 0B       		.uleb128 0xb
 1077 00c8 39       		.uleb128 0x39
 1078 00c9 0B       		.uleb128 0xb
 1079 00ca 49       		.uleb128 0x49
 1080 00cb 13       		.uleb128 0x13
 1081 00cc 00       		.byte	0
 1082 00cd 00       		.byte	0
 1083 00ce 11       		.uleb128 0x11
ARM GAS  /tmp/ccgvszgQ.s 			page 20


 1084 00cf 26       		.uleb128 0x26
 1085 00d0 00       		.byte	0
 1086 00d1 49       		.uleb128 0x49
 1087 00d2 13       		.uleb128 0x13
 1088 00d3 00       		.byte	0
 1089 00d4 00       		.byte	0
 1090 00d5 12       		.uleb128 0x12
 1091 00d6 01       		.uleb128 0x1
 1092 00d7 01       		.byte	0x1
 1093 00d8 49       		.uleb128 0x49
 1094 00d9 13       		.uleb128 0x13
 1095 00da 01       		.uleb128 0x1
 1096 00db 13       		.uleb128 0x13
 1097 00dc 00       		.byte	0
 1098 00dd 00       		.byte	0
 1099 00de 13       		.uleb128 0x13
 1100 00df 21       		.uleb128 0x21
 1101 00e0 00       		.byte	0
 1102 00e1 49       		.uleb128 0x49
 1103 00e2 13       		.uleb128 0x13
 1104 00e3 2F       		.uleb128 0x2f
 1105 00e4 0B       		.uleb128 0xb
 1106 00e5 00       		.byte	0
 1107 00e6 00       		.byte	0
 1108 00e7 00       		.byte	0
 1109              		.section	.debug_aranges,"",%progbits
 1110 0000 14000000 		.4byte	0x14
 1111 0004 0200     		.2byte	0x2
 1112 0006 00000000 		.4byte	.Ldebug_info0
 1113 000a 04       		.byte	0x4
 1114 000b 00       		.byte	0
 1115 000c 0000     		.2byte	0
 1116 000e 0000     		.2byte	0
 1117 0010 00000000 		.4byte	0
 1118 0014 00000000 		.4byte	0
 1119              		.section	.debug_line,"",%progbits
 1120              	.Ldebug_line0:
 1121 0000 E5000000 		.section	.debug_str,"MS",%progbits,1
 1121      0300DF00 
 1121      00000201 
 1121      FB0E0D00 
 1121      01010101 
 1122              	.LASF83:
 1123 0000 63665F6F 		.ascii	"cf_off_older\000"
 1123      66665F6F 
 1123      6C646572 
 1123      00
 1124              	.LASF36:
 1125 000d 705F6D73 		.ascii	"p_msg\000"
 1125      6700
 1126              	.LASF94:
 1127 0013 474E5520 		.ascii	"GNU C17 9.2.1 20191025 (release) [ARM/arm-9-branch "
 1127      43313720 
 1127      392E322E 
 1127      31203230 
 1127      31393130 
 1128 0046 72657669 		.ascii	"revision 277599] -mcpu=arm1176jz-s -mno-thumb-inter"
ARM GAS  /tmp/ccgvszgQ.s 			page 21


 1128      73696F6E 
 1128      20323737 
 1128      3539395D 
 1128      202D6D63 
 1129 0079 776F726B 		.ascii	"work -mfloat-abi=soft -marm -march=armv6kz -ggdb -O"
 1129      202D6D66 
 1129      6C6F6174 
 1129      2D616269 
 1129      3D736F66 
 1130 00ac 32202D66 		.ascii	"2 -fomit-frame-pointer -ffunction-sections -fdata-s"
 1130      6F6D6974 
 1130      2D667261 
 1130      6D652D70 
 1130      6F696E74 
 1131 00df 65637469 		.ascii	"ections\000"
 1131      6F6E7300 
 1132              	.LASF68:
 1133 00e7 7264796D 		.ascii	"rdymsg\000"
 1133      736700
 1134              	.LASF62:
 1135 00ee 76746C69 		.ascii	"vtlist\000"
 1135      737400
 1136              	.LASF12:
 1137 00f5 6C6F6E67 		.ascii	"long long unsigned int\000"
 1137      206C6F6E 
 1137      6720756E 
 1137      7369676E 
 1137      65642069 
 1138              	.LASF79:
 1139 010c 63685F74 		.ascii	"ch_threadsize\000"
 1139      68726561 
 1139      6473697A 
 1139      6500
 1140              	.LASF69:
 1141 011a 65786974 		.ascii	"exitcode\000"
 1141      636F6465 
 1141      00
 1142              	.LASF24:
 1143 0123 705F7072 		.ascii	"p_prio\000"
 1143      696F00
 1144              	.LASF86:
 1145 012a 63665F6F 		.ascii	"cf_off_state\000"
 1145      66665F73 
 1145      74617465 
 1145      00
 1146              	.LASF4:
 1147 0137 6C6F6E67 		.ascii	"long long int\000"
 1147      206C6F6E 
 1147      6720696E 
 1147      7400
 1148              	.LASF1:
 1149 0145 7369676E 		.ascii	"signed char\000"
 1149      65642063 
 1149      68617200 
 1150              	.LASF85:
 1151 0151 63665F6F 		.ascii	"cf_off_stklimit\000"
 1151      66665F73 
ARM GAS  /tmp/ccgvszgQ.s 			page 22


 1151      746B6C69 
 1151      6D697400 
 1152              	.LASF87:
 1153 0161 63665F6F 		.ascii	"cf_off_flags\000"
 1153      66665F66 
 1153      6C616773 
 1153      00
 1154              	.LASF65:
 1155 016e 6D5F7175 		.ascii	"m_queue\000"
 1155      65756500 
 1156              	.LASF16:
 1157 0176 74736C69 		.ascii	"tslices_t\000"
 1157      6365735F 
 1157      7400
 1158              	.LASF3:
 1159 0180 6C6F6E67 		.ascii	"long int\000"
 1159      20696E74 
 1159      00
 1160              	.LASF14:
 1161 0189 74737461 		.ascii	"tstate_t\000"
 1161      74655F74 
 1161      00
 1162              	.LASF8:
 1163 0192 75696E74 		.ascii	"uint16_t\000"
 1163      31365F74 
 1163      00
 1164              	.LASF91:
 1165 019b 63686465 		.ascii	"chdebug_t\000"
 1165      6275675F 
 1165      7400
 1166              	.LASF26:
 1167 01a5 705F6E65 		.ascii	"p_newer\000"
 1167      77657200 
 1168              	.LASF93:
 1169 01ad 5F69646C 		.ascii	"_idle_thread_wa\000"
 1169      655F7468 
 1169      72656164 
 1169      5F776100 
 1170              	.LASF58:
 1171 01bd 725F6E65 		.ascii	"r_newer\000"
 1171      77657200 
 1172              	.LASF43:
 1173 01c5 72656761 		.ascii	"regarm_t\000"
 1173      726D5F74 
 1173      00
 1174              	.LASF49:
 1175 01ce 76745F70 		.ascii	"vt_prev\000"
 1175      72657600 
 1176              	.LASF0:
 1177 01d6 756E7369 		.ascii	"unsigned int\000"
 1177      676E6564 
 1177      20696E74 
 1177      00
 1178              	.LASF48:
 1179 01e3 76745F6E 		.ascii	"vt_next\000"
 1179      65787400 
 1180              	.LASF11:
ARM GAS  /tmp/ccgvszgQ.s 			page 23


 1181 01eb 6C6F6E67 		.ascii	"long unsigned int\000"
 1181      20756E73 
 1181      69676E65 
 1181      6420696E 
 1181      7400
 1182              	.LASF92:
 1183 01fd 63685F64 		.ascii	"ch_debug\000"
 1183      65627567 
 1183      00
 1184              	.LASF73:
 1185 0206 63685F69 		.ascii	"ch_identifier\000"
 1185      64656E74 
 1185      69666965 
 1185      7200
 1186              	.LASF45:
 1187 0214 636F6E74 		.ascii	"context\000"
 1187      65787400 
 1188              	.LASF9:
 1189 021c 73686F72 		.ascii	"short unsigned int\000"
 1189      7420756E 
 1189      7369676E 
 1189      65642069 
 1189      6E7400
 1190              	.LASF18:
 1191 022f 6D73675F 		.ascii	"msg_t\000"
 1191      7400
 1192              	.LASF13:
 1193 0235 746D6F64 		.ascii	"tmode_t\000"
 1193      655F7400 
 1194              	.LASF41:
 1195 023d 54687265 		.ascii	"ThreadsList\000"
 1195      6164734C 
 1195      69737400 
 1196              	.LASF19:
 1197 0249 6576656E 		.ascii	"eventmask_t\000"
 1197      746D6173 
 1197      6B5F7400 
 1198              	.LASF64:
 1199 0255 4D757465 		.ascii	"Mutex\000"
 1199      7800
 1200              	.LASF42:
 1201 025b 73746B61 		.ascii	"stkalign_t\000"
 1201      6C69676E 
 1201      5F7400
 1202              	.LASF74:
 1203 0266 63685F7A 		.ascii	"ch_zero\000"
 1203      65726F00 
 1204              	.LASF88:
 1205 026e 63665F6F 		.ascii	"cf_off_refs\000"
 1205      66665F72 
 1205      65667300 
 1206              	.LASF50:
 1207 027a 76745F74 		.ascii	"vt_time\000"
 1207      696D6500 
 1208              	.LASF51:
 1209 0282 76745F66 		.ascii	"vt_func\000"
 1209      756E6300 
ARM GAS  /tmp/ccgvszgQ.s 			page 24


 1210              	.LASF78:
 1211 028a 63685F74 		.ascii	"ch_timesize\000"
 1211      696D6573 
 1211      697A6500 
 1212              	.LASF84:
 1213 0296 63665F6F 		.ascii	"cf_off_name\000"
 1213      66665F6E 
 1213      616D6500 
 1214              	.LASF27:
 1215 02a2 705F6F6C 		.ascii	"p_older\000"
 1215      64657200 
 1216              	.LASF57:
 1217 02aa 725F6374 		.ascii	"r_ctx\000"
 1217      7800
 1218              	.LASF40:
 1219 02b0 54687265 		.ascii	"ThreadsQueue\000"
 1219      61647351 
 1219      75657565 
 1219      00
 1220              	.LASF75:
 1221 02bd 63685F73 		.ascii	"ch_size\000"
 1221      697A6500 
 1222              	.LASF60:
 1223 02c5 725F6375 		.ascii	"r_current\000"
 1223      7272656E 
 1223      7400
 1224              	.LASF59:
 1225 02cf 725F6F6C 		.ascii	"r_older\000"
 1225      64657200 
 1226              	.LASF15:
 1227 02d7 74726566 		.ascii	"trefs_t\000"
 1227      735F7400 
 1228              	.LASF77:
 1229 02df 63685F70 		.ascii	"ch_ptrsize\000"
 1229      74727369 
 1229      7A6500
 1230              	.LASF23:
 1231 02ea 705F7072 		.ascii	"p_prev\000"
 1231      657600
 1232              	.LASF17:
 1233 02f1 74707269 		.ascii	"tprio_t\000"
 1233      6F5F7400 
 1234              	.LASF5:
 1235 02f9 696E7433 		.ascii	"int32_t\000"
 1235      325F7400 
 1236              	.LASF7:
 1237 0301 756E7369 		.ascii	"unsigned char\000"
 1237      676E6564 
 1237      20636861 
 1237      7200
 1238              	.LASF38:
 1239 030f 705F6D74 		.ascii	"p_mtxlist\000"
 1239      786C6973 
 1239      7400
 1240              	.LASF2:
 1241 0319 73686F72 		.ascii	"short int\000"
 1241      7420696E 
ARM GAS  /tmp/ccgvszgQ.s 			page 25


 1241      7400
 1242              	.LASF29:
 1243 0323 705F7374 		.ascii	"p_state\000"
 1243      61746500 
 1244              	.LASF32:
 1245 032b 705F7072 		.ascii	"p_preempt\000"
 1245      65656D70 
 1245      7400
 1246              	.LASF90:
 1247 0335 63665F6F 		.ascii	"cf_off_time\000"
 1247      66665F74 
 1247      696D6500 
 1248              	.LASF56:
 1249 0341 725F7072 		.ascii	"r_prio\000"
 1249      696F00
 1250              	.LASF71:
 1251 0348 65776D61 		.ascii	"ewmask\000"
 1251      736B00
 1252              	.LASF22:
 1253 034f 705F6E65 		.ascii	"p_next\000"
 1253      787400
 1254              	.LASF89:
 1255 0356 63665F6F 		.ascii	"cf_off_preempt\000"
 1255      66665F70 
 1255      7265656D 
 1255      707400
 1256              	.LASF30:
 1257 0365 705F666C 		.ascii	"p_flags\000"
 1257      61677300 
 1258              	.LASF21:
 1259 036d 54687265 		.ascii	"Thread\000"
 1259      616400
 1260              	.LASF82:
 1261 0374 63665F6F 		.ascii	"cf_off_newer\000"
 1261      66665F6E 
 1261      65776572 
 1261      00
 1262              	.LASF37:
 1263 0381 705F6570 		.ascii	"p_epending\000"
 1263      656E6469 
 1263      6E6700
 1264              	.LASF10:
 1265 038c 75696E74 		.ascii	"uint32_t\000"
 1265      33325F74 
 1265      00
 1266              	.LASF80:
 1267 0395 63665F6F 		.ascii	"cf_off_prio\000"
 1267      66665F70 
 1267      72696F00 
 1268              	.LASF55:
 1269 03a1 725F7175 		.ascii	"r_queue\000"
 1269      65756500 
 1270              	.LASF47:
 1271 03a9 56697274 		.ascii	"VirtualTimer\000"
 1271      75616C54 
 1271      696D6572 
 1271      00
ARM GAS  /tmp/ccgvszgQ.s 			page 26


 1272              	.LASF96:
 1273 03b6 2F686F6D 		.ascii	"/home/taskman/arduino/embedded-wind-turbine/Data_Co"
 1273      652F7461 
 1273      736B6D61 
 1273      6E2F6172 
 1273      6475696E 
 1274 03e9 6C6C6563 		.ascii	"llector/raspberry/compiler/ChibiOS-RPi/led\000"
 1274      746F722F 
 1274      72617370 
 1274      62657272 
 1274      792F636F 
 1275              	.LASF72:
 1276 0414 63686172 		.ascii	"char\000"
 1276      00
 1277              	.LASF67:
 1278 0419 6D5F6E65 		.ascii	"m_next\000"
 1278      787400
 1279              	.LASF20:
 1280 0420 73797374 		.ascii	"systime_t\000"
 1280      696D655F 
 1280      7400
 1281              	.LASF39:
 1282 042a 705F7265 		.ascii	"p_realprio\000"
 1282      616C7072 
 1282      696F00
 1283              	.LASF46:
 1284 0435 76746675 		.ascii	"vtfunc_t\000"
 1284      6E635F74 
 1284      00
 1285              	.LASF33:
 1286 043e 705F7469 		.ascii	"p_time\000"
 1286      6D6500
 1287              	.LASF44:
 1288 0445 696E7463 		.ascii	"intctx\000"
 1288      747800
 1289              	.LASF35:
 1290 044c 705F6D73 		.ascii	"p_msgqueue\000"
 1290      67717565 
 1290      756500
 1291              	.LASF52:
 1292 0457 76745F70 		.ascii	"vt_par\000"
 1292      617200
 1293              	.LASF81:
 1294 045e 63665F6F 		.ascii	"cf_off_ctx\000"
 1294      66665F63 
 1294      747800
 1295              	.LASF31:
 1296 0469 705F7265 		.ascii	"p_refs\000"
 1296      667300
 1297              	.LASF61:
 1298 0470 52656164 		.ascii	"ReadyList\000"
 1298      794C6973 
 1298      7400
 1299              	.LASF63:
 1300 047a 726C6973 		.ascii	"rlist\000"
 1300      7400
 1301              	.LASF6:
ARM GAS  /tmp/ccgvszgQ.s 			page 27


 1302 0480 75696E74 		.ascii	"uint8_t\000"
 1302      385F7400 
 1303              	.LASF70:
 1304 0488 77746F62 		.ascii	"wtobjp\000"
 1304      6A7000
 1305              	.LASF28:
 1306 048f 705F6E61 		.ascii	"p_name\000"
 1306      6D6500
 1307              	.LASF53:
 1308 0496 76745F73 		.ascii	"vt_systime\000"
 1308      79737469 
 1308      6D6500
 1309              	.LASF95:
 1310 04a1 2E2E2F6F 		.ascii	"../os/kernel/src/chlists.c\000"
 1310      732F6B65 
 1310      726E656C 
 1310      2F737263 
 1310      2F63686C 
 1311              	.LASF76:
 1312 04bc 63685F76 		.ascii	"ch_version\000"
 1312      65727369 
 1312      6F6E00
 1313              	.LASF54:
 1314 04c7 56544C69 		.ascii	"VTList\000"
 1314      737400
 1315              	.LASF66:
 1316 04ce 6D5F6F77 		.ascii	"m_owner\000"
 1316      6E657200 
 1317              	.LASF25:
 1318 04d6 705F6374 		.ascii	"p_ctx\000"
 1318      7800
 1319              	.LASF34:
 1320 04dc 705F7761 		.ascii	"p_waiting\000"
 1320      6974696E 
 1320      6700
 1321              		.ident	"GCC: (15:9-2019-q4-0ubuntu1) 9.2.1 20191025 (release) [ARM/arm-9-branch revision 277599]"
ARM GAS  /tmp/ccgvszgQ.s 			page 28


DEFINED SYMBOLS
                            *ABS*:0000000000000000 chlists.c

NO UNDEFINED SYMBOLS
