ARM GAS  /tmp/cccEn1SS.s 			page 1


   1              		.cpu arm1176jz-s
   2              		.eabi_attribute 20, 1
   3              		.eabi_attribute 21, 1
   4              		.eabi_attribute 23, 3
   5              		.eabi_attribute 24, 1
   6              		.eabi_attribute 25, 1
   7              		.eabi_attribute 26, 1
   8              		.eabi_attribute 30, 2
   9              		.eabi_attribute 34, 1
  10              		.eabi_attribute 18, 4
  11              		.file	"chregistry.c"
  12              		.text
  13              	.Ltext0:
  14              		.cfi_sections	.debug_frame
  15              		.section	.text.chRegFirstThread,"ax",%progbits
  16              		.align	2
  17              		.global	chRegFirstThread
  18              		.arch armv6kz
  19              		.syntax unified
  20              		.arm
  21              		.fpu softvfp
  22              		.type	chRegFirstThread, %function
  23              	chRegFirstThread:
  24              	.LFB7:
  25              		.file 1 "../os/kernel/src/chregistry.c"
  26              		.loc 1 110 32 view -0
  27              		.cfi_startproc
  28              		@ args = 0, pretend = 0, frame = 0
  29              		@ frame_needed = 0, uses_anonymous_args = 0
  30              		@ link register save eliminated.
  31              		.loc 1 111 3 view .LVU1
  32              		.loc 1 113 3 view .LVU2
  33              		.syntax divided
  34              	@ 113 "../os/kernel/src/chregistry.c" 1
  35 0000 9FF021E3 		msr     CPSR_c, #0x9F
  36              	@ 0 "" 2
  37              		.loc 1 113 3 view .LVU3
  38              		.loc 1 113 14 view .LVU4
  39              		.loc 1 114 3 view .LVU5
  40              		.loc 1 114 6 is_stmt 0 view .LVU6
  41              		.arm
  42              		.syntax unified
  43 0004 14309FE5 		ldr	r3, .L3
  44 0008 100093E5 		ldr	r0, [r3, #16]
  45              	.LVL0:
  46              		.loc 1 116 3 is_stmt 1 view .LVU7
  47              		.loc 1 116 13 is_stmt 0 view .LVU8
  48 000c 1E30D0E5 		ldrb	r3, [r0, #30]	@ zero_extendqisi2
  49 0010 013083E2 		add	r3, r3, #1
  50 0014 1E30C0E5 		strb	r3, [r0, #30]
  51              		.loc 1 118 3 is_stmt 1 view .LVU9
  52              		.loc 1 118 3 view .LVU10
  53              		.syntax divided
  54              	@ 118 "../os/kernel/src/chregistry.c" 1
  55 0018 1FF021E3 		msr     CPSR_c, #0x1F
  56              	@ 0 "" 2
  57              		.loc 1 118 16 view .LVU11
ARM GAS  /tmp/cccEn1SS.s 			page 2


  58              		.loc 1 119 3 view .LVU12
  59              		.loc 1 120 1 is_stmt 0 view .LVU13
  60              		.arm
  61              		.syntax unified
  62 001c 1EFF2FE1 		bx	lr
  63              	.L4:
  64              		.align	2
  65              	.L3:
  66 0020 00000000 		.word	rlist
  67              		.cfi_endproc
  68              	.LFE7:
  69              		.size	chRegFirstThread, .-chRegFirstThread
  70              		.section	.text.chRegNextThread,"ax",%progbits
  71              		.align	2
  72              		.global	chRegNextThread
  73              		.syntax unified
  74              		.arm
  75              		.fpu softvfp
  76              		.type	chRegNextThread, %function
  77              	chRegNextThread:
  78              	.LVL1:
  79              	.LFB8:
  80              		.loc 1 133 37 is_stmt 1 view -0
  81              		.cfi_startproc
  82              		@ args = 0, pretend = 0, frame = 0
  83              		@ frame_needed = 0, uses_anonymous_args = 0
  84              		.loc 1 134 3 view .LVU15
  85              		.loc 1 136 3 view .LVU16
  86              		.loc 1 133 37 is_stmt 0 view .LVU17
  87 0000 10402DE9 		push	{r4, lr}
  88              		.cfi_def_cfa_offset 8
  89              		.cfi_offset 4, -8
  90              		.cfi_offset 14, -4
  91              		.loc 1 136 3 view .LVU18
  92              		.syntax divided
  93              	@ 136 "../os/kernel/src/chregistry.c" 1
  94 0004 9FF021E3 		msr     CPSR_c, #0x9F
  95              	@ 0 "" 2
  96              		.loc 1 136 3 is_stmt 1 view .LVU19
  97              		.loc 1 136 14 view .LVU20
  98              		.loc 1 137 3 view .LVU21
  99              		.loc 1 138 6 is_stmt 0 view .LVU22
 100              		.arm
 101              		.syntax unified
 102 0008 24309FE5 		ldr	r3, .L9
 103              		.loc 1 137 7 view .LVU23
 104 000c 104090E5 		ldr	r4, [r0, #16]
 105              	.LVL2:
 106              		.loc 1 138 3 is_stmt 1 view .LVU24
 107              		.loc 1 138 6 is_stmt 0 view .LVU25
 108 0010 030054E1 		cmp	r4, r3
 109              		.loc 1 142 5 is_stmt 1 view .LVU26
 110              		.loc 1 143 39 view .LVU27
 111              		.loc 1 144 5 view .LVU28
 112              		.loc 1 144 16 is_stmt 0 view .LVU29
 113 0014 1E30D415 		ldrbne	r3, [r4, #30]	@ zero_extendqisi2
 114              		.loc 1 139 9 view .LVU30
ARM GAS  /tmp/cccEn1SS.s 			page 3


 115 0018 0040A003 		moveq	r4, #0
 116              	.LVL3:
 117              		.loc 1 147 3 is_stmt 1 view .LVU31
 118              		.loc 1 147 3 view .LVU32
 119              		.loc 1 144 16 is_stmt 0 view .LVU33
 120 001c 01308312 		addne	r3, r3, #1
 121 0020 1E30C415 		strbne	r3, [r4, #30]
 122              		.loc 1 147 3 view .LVU34
 123              		.syntax divided
 124              	@ 147 "../os/kernel/src/chregistry.c" 1
 125 0024 1FF021E3 		msr     CPSR_c, #0x1F
 126              	@ 0 "" 2
 127              		.loc 1 147 16 is_stmt 1 view .LVU35
 128              		.loc 1 149 3 view .LVU36
 129              		.arm
 130              		.syntax unified
 131 0028 FEFFFFEB 		bl	chThdRelease
 132              	.LVL4:
 133              		.loc 1 151 3 view .LVU37
 134              		.loc 1 152 1 is_stmt 0 view .LVU38
 135 002c 0400A0E1 		mov	r0, r4
 136 0030 1080BDE8 		pop	{r4, pc}
 137              	.L10:
 138              		.align	2
 139              	.L9:
 140 0034 00000000 		.word	rlist
 141              		.cfi_endproc
 142              	.LFE8:
 143              		.size	chRegNextThread, .-chRegNextThread
 144              		.global	ch_debug
 145              		.section	.rodata.ch_debug,"a"
 146              		.align	2
 147              		.type	ch_debug, %object
 148              		.size	ch_debug, 22
 149              	ch_debug:
 150 0000 6D61696E 		.ascii	"main"
 151 0004 00       		.byte	0
 152 0005 16       		.byte	22
 153 0006 4111     		.short	4417
 154 0008 04       		.byte	4
 155 0009 04       		.byte	4
 156 000a 44       		.byte	68
 157 000b 08       		.byte	8
 158 000c 0C       		.byte	12
 159 000d 10       		.byte	16
 160 000e 14       		.byte	20
 161 000f 18       		.byte	24
 162 0010 00       		.byte	0
 163 0011 1C       		.byte	28
 164 0012 1D       		.byte	29
 165 0013 1E       		.byte	30
 166 0014 1F       		.byte	31
 167 0015 20       		.byte	32
 168              		.text
 169              	.Letext0:
 170              		.file 2 "/usr/lib/gcc/arm-none-eabi/9.2.1/include/stddef.h"
 171              		.file 3 "/usr/lib/gcc/arm-none-eabi/9.2.1/include/stdint.h"
ARM GAS  /tmp/cccEn1SS.s 			page 4


 172              		.file 4 "../os/ports/GCC/ARM/chtypes.h"
 173              		.file 5 "../os/kernel/include/chlists.h"
 174              		.file 6 "../os/kernel/include/chthreads.h"
 175              		.file 7 "../os/ports/GCC/ARM/chcore.h"
 176              		.file 8 "../os/kernel/include/chvt.h"
 177              		.file 9 "../os/kernel/include/chschd.h"
 178              		.file 10 "../os/kernel/include/chmtx.h"
 179              		.file 11 "../os/kernel/include/chregistry.h"
 180              		.file 12 "../os/kernel/include/ch.h"
 181              		.file 13 "../os/kernel/include/chdynamic.h"
 182              		.section	.debug_info,"",%progbits
 183              	.Ldebug_info0:
 184 0000 DF060000 		.4byte	0x6df
 185 0004 0400     		.2byte	0x4
 186 0006 00000000 		.4byte	.Ldebug_abbrev0
 187 000a 04       		.byte	0x4
 188 000b 01       		.uleb128 0x1
 189 000c 13000000 		.4byte	.LASF97
 190 0010 0C       		.byte	0xc
 191 0011 7A040000 		.4byte	.LASF98
 192 0015 E2030000 		.4byte	.LASF99
 193 0019 00000000 		.4byte	.Ldebug_ranges0+0
 194 001d 00000000 		.4byte	0
 195 0021 00000000 		.4byte	.Ldebug_line0
 196 0025 02       		.uleb128 0x2
 197 0026 04       		.byte	0x4
 198 0027 05       		.byte	0x5
 199 0028 696E7400 		.ascii	"int\000"
 200 002c 03       		.uleb128 0x3
 201 002d EE010000 		.4byte	.LASF3
 202 0031 02       		.byte	0x2
 203 0032 D1       		.byte	0xd1
 204 0033 17       		.byte	0x17
 205 0034 38000000 		.4byte	0x38
 206 0038 04       		.uleb128 0x4
 207 0039 04       		.byte	0x4
 208 003a 07       		.byte	0x7
 209 003b F5010000 		.4byte	.LASF0
 210 003f 04       		.uleb128 0x4
 211 0040 01       		.byte	0x1
 212 0041 06       		.byte	0x6
 213 0042 56010000 		.4byte	.LASF1
 214 0046 04       		.uleb128 0x4
 215 0047 02       		.byte	0x2
 216 0048 05       		.byte	0x5
 217 0049 38030000 		.4byte	.LASF2
 218 004d 03       		.uleb128 0x3
 219 004e 18030000 		.4byte	.LASF4
 220 0052 03       		.byte	0x3
 221 0053 28       		.byte	0x28
 222 0054 18       		.byte	0x18
 223 0055 59000000 		.4byte	0x59
 224 0059 04       		.uleb128 0x4
 225 005a 04       		.byte	0x4
 226 005b 05       		.byte	0x5
 227 005c 98010000 		.4byte	.LASF5
 228 0060 04       		.uleb128 0x4
ARM GAS  /tmp/cccEn1SS.s 			page 5


 229 0061 08       		.byte	0x8
 230 0062 05       		.byte	0x5
 231 0063 48010000 		.4byte	.LASF6
 232 0067 03       		.uleb128 0x3
 233 0068 D3040000 		.4byte	.LASF7
 234 006c 03       		.byte	0x3
 235 006d 2E       		.byte	0x2e
 236 006e 18       		.byte	0x18
 237 006f 73000000 		.4byte	0x73
 238 0073 04       		.uleb128 0x4
 239 0074 01       		.byte	0x1
 240 0075 08       		.byte	0x8
 241 0076 20030000 		.4byte	.LASF8
 242 007a 03       		.uleb128 0x3
 243 007b AA010000 		.4byte	.LASF9
 244 007f 03       		.byte	0x3
 245 0080 31       		.byte	0x31
 246 0081 19       		.byte	0x19
 247 0082 86000000 		.4byte	0x86
 248 0086 04       		.uleb128 0x4
 249 0087 02       		.byte	0x2
 250 0088 07       		.byte	0x7
 251 0089 3B020000 		.4byte	.LASF10
 252 008d 03       		.uleb128 0x3
 253 008e B8030000 		.4byte	.LASF11
 254 0092 03       		.byte	0x3
 255 0093 34       		.byte	0x34
 256 0094 19       		.byte	0x19
 257 0095 99000000 		.4byte	0x99
 258 0099 04       		.uleb128 0x4
 259 009a 04       		.byte	0x4
 260 009b 07       		.byte	0x7
 261 009c 0A020000 		.4byte	.LASF12
 262 00a0 04       		.uleb128 0x4
 263 00a1 08       		.byte	0x8
 264 00a2 07       		.byte	0x7
 265 00a3 F5000000 		.4byte	.LASF13
 266 00a7 03       		.uleb128 0x3
 267 00a8 54020000 		.4byte	.LASF14
 268 00ac 04       		.byte	0x4
 269 00ad 2A       		.byte	0x2a
 270 00ae 19       		.byte	0x19
 271 00af 67000000 		.4byte	0x67
 272 00b3 03       		.uleb128 0x3
 273 00b4 A1010000 		.4byte	.LASF15
 274 00b8 04       		.byte	0x4
 275 00b9 2B       		.byte	0x2b
 276 00ba 19       		.byte	0x19
 277 00bb 67000000 		.4byte	0x67
 278 00bf 03       		.uleb128 0x3
 279 00c0 F6020000 		.4byte	.LASF16
 280 00c4 04       		.byte	0x4
 281 00c5 2C       		.byte	0x2c
 282 00c6 19       		.byte	0x19
 283 00c7 67000000 		.4byte	0x67
 284 00cb 03       		.uleb128 0x3
 285 00cc 8E010000 		.4byte	.LASF17
ARM GAS  /tmp/cccEn1SS.s 			page 6


 286 00d0 04       		.byte	0x4
 287 00d1 2D       		.byte	0x2d
 288 00d2 19       		.byte	0x19
 289 00d3 67000000 		.4byte	0x67
 290 00d7 03       		.uleb128 0x3
 291 00d8 10030000 		.4byte	.LASF18
 292 00dc 04       		.byte	0x4
 293 00dd 2E       		.byte	0x2e
 294 00de 19       		.byte	0x19
 295 00df 8D000000 		.4byte	0x8d
 296 00e3 03       		.uleb128 0x3
 297 00e4 4E020000 		.4byte	.LASF19
 298 00e8 04       		.byte	0x4
 299 00e9 2F       		.byte	0x2f
 300 00ea 19       		.byte	0x19
 301 00eb 4D000000 		.4byte	0x4d
 302 00ef 03       		.uleb128 0x3
 303 00f0 68020000 		.4byte	.LASF20
 304 00f4 04       		.byte	0x4
 305 00f5 31       		.byte	0x31
 306 00f6 19       		.byte	0x19
 307 00f7 8D000000 		.4byte	0x8d
 308 00fb 03       		.uleb128 0x3
 309 00fc 5C040000 		.4byte	.LASF21
 310 0100 04       		.byte	0x4
 311 0101 33       		.byte	0x33
 312 0102 19       		.byte	0x19
 313 0103 8D000000 		.4byte	0x8d
 314 0107 05       		.uleb128 0x5
 315 0108 FB000000 		.4byte	0xfb
 316 010c 03       		.uleb128 0x3
 317 010d 99030000 		.4byte	.LASF22
 318 0111 05       		.byte	0x5
 319 0112 23       		.byte	0x23
 320 0113 17       		.byte	0x17
 321 0114 18010000 		.4byte	0x118
 322 0118 06       		.uleb128 0x6
 323 0119 99030000 		.4byte	.LASF22
 324 011d 44       		.byte	0x44
 325 011e 06       		.byte	0x6
 326 011f 57       		.byte	0x57
 327 0120 08       		.byte	0x8
 328 0121 1D020000 		.4byte	0x21d
 329 0125 07       		.uleb128 0x7
 330 0126 6E030000 		.4byte	.LASF23
 331 012a 06       		.byte	0x6
 332 012b 58       		.byte	0x58
 333 012c 1A       		.byte	0x1a
 334 012d 41020000 		.4byte	0x241
 335 0131 00       		.byte	0
 336 0132 07       		.uleb128 0x7
 337 0133 09030000 		.4byte	.LASF24
 338 0137 06       		.byte	0x6
 339 0138 5A       		.byte	0x5a
 340 0139 1A       		.byte	0x1a
 341 013a 41020000 		.4byte	0x241
 342 013e 04       		.byte	0x4
ARM GAS  /tmp/cccEn1SS.s 			page 7


 343 013f 07       		.uleb128 0x7
 344 0140 34010000 		.4byte	.LASF25
 345 0144 06       		.byte	0x6
 346 0145 5C       		.byte	0x5c
 347 0146 19       		.byte	0x19
 348 0147 D7000000 		.4byte	0xd7
 349 014b 08       		.byte	0x8
 350 014c 07       		.uleb128 0x7
 351 014d 0E050000 		.4byte	.LASF26
 352 0151 06       		.byte	0x6
 353 0152 5D       		.byte	0x5d
 354 0153 19       		.byte	0x19
 355 0154 0C030000 		.4byte	0x30c
 356 0158 0C       		.byte	0xc
 357 0159 07       		.uleb128 0x7
 358 015a BD010000 		.4byte	.LASF27
 359 015e 06       		.byte	0x6
 360 015f 5F       		.byte	0x5f
 361 0160 1A       		.byte	0x1a
 362 0161 41020000 		.4byte	0x241
 363 0165 10       		.byte	0x10
 364 0166 07       		.uleb128 0x7
 365 0167 C1020000 		.4byte	.LASF28
 366 016b 06       		.byte	0x6
 367 016c 60       		.byte	0x60
 368 016d 1A       		.byte	0x1a
 369 016e 41020000 		.4byte	0x241
 370 0172 14       		.byte	0x14
 371 0173 07       		.uleb128 0x7
 372 0174 E2040000 		.4byte	.LASF29
 373 0178 06       		.byte	0x6
 374 0179 67       		.byte	0x67
 375 017a 1A       		.byte	0x1a
 376 017b F2040000 		.4byte	0x4f2
 377 017f 18       		.byte	0x18
 378 0180 07       		.uleb128 0x7
 379 0181 42030000 		.4byte	.LASF30
 380 0185 06       		.byte	0x6
 381 0186 72       		.byte	0x72
 382 0187 19       		.byte	0x19
 383 0188 B3000000 		.4byte	0xb3
 384 018c 1C       		.byte	0x1c
 385 018d 07       		.uleb128 0x7
 386 018e 84030000 		.4byte	.LASF31
 387 0192 06       		.byte	0x6
 388 0193 76       		.byte	0x76
 389 0194 19       		.byte	0x19
 390 0195 A7000000 		.4byte	0xa7
 391 0199 1D       		.byte	0x1d
 392 019a 07       		.uleb128 0x7
 393 019b BC040000 		.4byte	.LASF32
 394 019f 06       		.byte	0x6
 395 01a0 7B       		.byte	0x7b
 396 01a1 19       		.byte	0x19
 397 01a2 BF000000 		.4byte	0xbf
 398 01a6 1E       		.byte	0x1e
 399 01a7 07       		.uleb128 0x7
ARM GAS  /tmp/cccEn1SS.s 			page 8


 400 01a8 4A030000 		.4byte	.LASF33
 401 01ac 06       		.byte	0x6
 402 01ad 81       		.byte	0x81
 403 01ae 19       		.byte	0x19
 404 01af CB000000 		.4byte	0xcb
 405 01b3 1F       		.byte	0x1f
 406 01b4 07       		.uleb128 0x7
 407 01b5 DB040000 		.4byte	.LASF34
 408 01b9 06       		.byte	0x6
 409 01ba 88       		.byte	0x88
 410 01bb 19       		.byte	0x19
 411 01bc 07010000 		.4byte	0x107
 412 01c0 20       		.byte	0x20
 413 01c1 08       		.uleb128 0x8
 414 01c2 705F7500 		.ascii	"p_u\000"
 415 01c6 06       		.byte	0x6
 416 01c7 AD       		.byte	0xad
 417 01c8 19       		.byte	0x19
 418 01c9 B8040000 		.4byte	0x4b8
 419 01cd 24       		.byte	0x24
 420 01ce 07       		.uleb128 0x7
 421 01cf 14050000 		.4byte	.LASF35
 422 01d3 06       		.byte	0x6
 423 01d4 B2       		.byte	0xb2
 424 01d5 19       		.byte	0x19
 425 01d6 6A020000 		.4byte	0x26a
 426 01da 28       		.byte	0x28
 427 01db 07       		.uleb128 0x7
 428 01dc 9F040000 		.4byte	.LASF36
 429 01e0 06       		.byte	0x6
 430 01e1 B8       		.byte	0xb8
 431 01e2 19       		.byte	0x19
 432 01e3 47020000 		.4byte	0x247
 433 01e7 2C       		.byte	0x2c
 434 01e8 07       		.uleb128 0x7
 435 01e9 0D000000 		.4byte	.LASF37
 436 01ed 06       		.byte	0x6
 437 01ee BC       		.byte	0xbc
 438 01ef 19       		.byte	0x19
 439 01f0 E3000000 		.4byte	0xe3
 440 01f4 34       		.byte	0x34
 441 01f5 07       		.uleb128 0x7
 442 01f6 AD030000 		.4byte	.LASF38
 443 01fa 06       		.byte	0x6
 444 01fb C2       		.byte	0xc2
 445 01fc 19       		.byte	0x19
 446 01fd EF000000 		.4byte	0xef
 447 0201 38       		.byte	0x38
 448 0202 07       		.uleb128 0x7
 449 0203 2E030000 		.4byte	.LASF39
 450 0207 06       		.byte	0x6
 451 0208 C9       		.byte	0xc9
 452 0209 1A       		.byte	0x1a
 453 020a 04050000 		.4byte	0x504
 454 020e 3C       		.byte	0x3c
 455 020f 07       		.uleb128 0x7
 456 0210 66040000 		.4byte	.LASF40
ARM GAS  /tmp/cccEn1SS.s 			page 9


 457 0214 06       		.byte	0x6
 458 0215 CD       		.byte	0xcd
 459 0216 19       		.byte	0x19
 460 0217 D7000000 		.4byte	0xd7
 461 021b 40       		.byte	0x40
 462 021c 00       		.byte	0
 463 021d 09       		.uleb128 0x9
 464 021e 08       		.byte	0x8
 465 021f 05       		.byte	0x5
 466 0220 5A       		.byte	0x5a
 467 0221 09       		.byte	0x9
 468 0222 41020000 		.4byte	0x241
 469 0226 07       		.uleb128 0x7
 470 0227 6E030000 		.4byte	.LASF23
 471 022b 05       		.byte	0x5
 472 022c 5B       		.byte	0x5b
 473 022d 1A       		.byte	0x1a
 474 022e 41020000 		.4byte	0x241
 475 0232 00       		.byte	0
 476 0233 07       		.uleb128 0x7
 477 0234 09030000 		.4byte	.LASF24
 478 0238 05       		.byte	0x5
 479 0239 5D       		.byte	0x5d
 480 023a 1A       		.byte	0x1a
 481 023b 41020000 		.4byte	0x241
 482 023f 04       		.byte	0x4
 483 0240 00       		.byte	0
 484 0241 0A       		.uleb128 0xa
 485 0242 04       		.byte	0x4
 486 0243 0C010000 		.4byte	0x10c
 487 0247 03       		.uleb128 0x3
 488 0248 CF020000 		.4byte	.LASF41
 489 024c 05       		.byte	0x5
 490 024d 5F       		.byte	0x5f
 491 024e 03       		.byte	0x3
 492 024f 1D020000 		.4byte	0x21d
 493 0253 09       		.uleb128 0x9
 494 0254 04       		.byte	0x4
 495 0255 05       		.byte	0x5
 496 0256 64       		.byte	0x64
 497 0257 09       		.byte	0x9
 498 0258 6A020000 		.4byte	0x26a
 499 025c 07       		.uleb128 0x7
 500 025d 6E030000 		.4byte	.LASF23
 501 0261 05       		.byte	0x5
 502 0262 66       		.byte	0x66
 503 0263 16       		.byte	0x16
 504 0264 41020000 		.4byte	0x241
 505 0268 00       		.byte	0
 506 0269 00       		.byte	0
 507 026a 03       		.uleb128 0x3
 508 026b 5C020000 		.4byte	.LASF42
 509 026f 05       		.byte	0x5
 510 0270 69       		.byte	0x69
 511 0271 03       		.byte	0x3
 512 0272 53020000 		.4byte	0x253
 513 0276 03       		.uleb128 0x3
ARM GAS  /tmp/cccEn1SS.s 			page 10


 514 0277 7A020000 		.4byte	.LASF43
 515 027b 07       		.byte	0x7
 516 027c 9D       		.byte	0x9d
 517 027d 12       		.byte	0x12
 518 027e 8D000000 		.4byte	0x8d
 519 0282 03       		.uleb128 0x3
 520 0283 DD010000 		.4byte	.LASF44
 521 0287 07       		.byte	0x7
 522 0288 A2       		.byte	0xa2
 523 0289 0F       		.byte	0xf
 524 028a 8E020000 		.4byte	0x28e
 525 028e 0B       		.uleb128 0xb
 526 028f 04       		.byte	0x4
 527 0290 06       		.uleb128 0x6
 528 0291 98040000 		.4byte	.LASF45
 529 0295 24       		.byte	0x24
 530 0296 07       		.byte	0x7
 531 0297 B9       		.byte	0xb9
 532 0298 08       		.byte	0x8
 533 0299 0C030000 		.4byte	0x30c
 534 029d 08       		.uleb128 0x8
 535 029e 723400   		.ascii	"r4\000"
 536 02a1 07       		.byte	0x7
 537 02a2 BA       		.byte	0xba
 538 02a3 11       		.byte	0x11
 539 02a4 82020000 		.4byte	0x282
 540 02a8 00       		.byte	0
 541 02a9 08       		.uleb128 0x8
 542 02aa 723500   		.ascii	"r5\000"
 543 02ad 07       		.byte	0x7
 544 02ae BB       		.byte	0xbb
 545 02af 11       		.byte	0x11
 546 02b0 82020000 		.4byte	0x282
 547 02b4 04       		.byte	0x4
 548 02b5 08       		.uleb128 0x8
 549 02b6 723600   		.ascii	"r6\000"
 550 02b9 07       		.byte	0x7
 551 02ba BC       		.byte	0xbc
 552 02bb 11       		.byte	0x11
 553 02bc 82020000 		.4byte	0x282
 554 02c0 08       		.byte	0x8
 555 02c1 08       		.uleb128 0x8
 556 02c2 723700   		.ascii	"r7\000"
 557 02c5 07       		.byte	0x7
 558 02c6 BD       		.byte	0xbd
 559 02c7 11       		.byte	0x11
 560 02c8 82020000 		.4byte	0x282
 561 02cc 0C       		.byte	0xc
 562 02cd 08       		.uleb128 0x8
 563 02ce 723800   		.ascii	"r8\000"
 564 02d1 07       		.byte	0x7
 565 02d2 BE       		.byte	0xbe
 566 02d3 11       		.byte	0x11
 567 02d4 82020000 		.4byte	0x282
 568 02d8 10       		.byte	0x10
 569 02d9 08       		.uleb128 0x8
 570 02da 723900   		.ascii	"r9\000"
ARM GAS  /tmp/cccEn1SS.s 			page 11


 571 02dd 07       		.byte	0x7
 572 02de BF       		.byte	0xbf
 573 02df 11       		.byte	0x11
 574 02e0 82020000 		.4byte	0x282
 575 02e4 14       		.byte	0x14
 576 02e5 08       		.uleb128 0x8
 577 02e6 72313000 		.ascii	"r10\000"
 578 02ea 07       		.byte	0x7
 579 02eb C0       		.byte	0xc0
 580 02ec 11       		.byte	0x11
 581 02ed 82020000 		.4byte	0x282
 582 02f1 18       		.byte	0x18
 583 02f2 08       		.uleb128 0x8
 584 02f3 72313100 		.ascii	"r11\000"
 585 02f7 07       		.byte	0x7
 586 02f8 C1       		.byte	0xc1
 587 02f9 11       		.byte	0x11
 588 02fa 82020000 		.4byte	0x282
 589 02fe 1C       		.byte	0x1c
 590 02ff 08       		.uleb128 0x8
 591 0300 6C7200   		.ascii	"lr\000"
 592 0303 07       		.byte	0x7
 593 0304 C2       		.byte	0xc2
 594 0305 11       		.byte	0x11
 595 0306 82020000 		.4byte	0x282
 596 030a 20       		.byte	0x20
 597 030b 00       		.byte	0
 598 030c 06       		.uleb128 0x6
 599 030d 33020000 		.4byte	.LASF46
 600 0311 04       		.byte	0x4
 601 0312 07       		.byte	0x7
 602 0313 CA       		.byte	0xca
 603 0314 08       		.byte	0x8
 604 0315 27030000 		.4byte	0x327
 605 0319 08       		.uleb128 0x8
 606 031a 72313300 		.ascii	"r13\000"
 607 031e 07       		.byte	0x7
 608 031f CB       		.byte	0xcb
 609 0320 12       		.byte	0x12
 610 0321 27030000 		.4byte	0x327
 611 0325 00       		.byte	0
 612 0326 00       		.byte	0
 613 0327 0A       		.uleb128 0xa
 614 0328 04       		.byte	0x4
 615 0329 90020000 		.4byte	0x290
 616 032d 03       		.uleb128 0x3
 617 032e 71040000 		.4byte	.LASF47
 618 0332 08       		.byte	0x8
 619 0333 4E       		.byte	0x4e
 620 0334 10       		.byte	0x10
 621 0335 39030000 		.4byte	0x339
 622 0339 0A       		.uleb128 0xa
 623 033a 04       		.byte	0x4
 624 033b 3F030000 		.4byte	0x33f
 625 033f 0C       		.uleb128 0xc
 626 0340 4A030000 		.4byte	0x34a
 627 0344 0D       		.uleb128 0xd
ARM GAS  /tmp/cccEn1SS.s 			page 12


 628 0345 8E020000 		.4byte	0x28e
 629 0349 00       		.byte	0
 630 034a 03       		.uleb128 0x3
 631 034b D5030000 		.4byte	.LASF48
 632 034f 08       		.byte	0x8
 633 0350 53       		.byte	0x53
 634 0351 1D       		.byte	0x1d
 635 0352 56030000 		.4byte	0x356
 636 0356 06       		.uleb128 0x6
 637 0357 D5030000 		.4byte	.LASF48
 638 035b 14       		.byte	0x14
 639 035c 08       		.byte	0x8
 640 035d 5A       		.byte	0x5a
 641 035e 08       		.byte	0x8
 642 035f A5030000 		.4byte	0x3a5
 643 0363 07       		.uleb128 0x7
 644 0364 02020000 		.4byte	.LASF49
 645 0368 08       		.byte	0x8
 646 0369 5B       		.byte	0x5b
 647 036a 1A       		.byte	0x1a
 648 036b A5030000 		.4byte	0x3a5
 649 036f 00       		.byte	0
 650 0370 07       		.uleb128 0x7
 651 0371 E6010000 		.4byte	.LASF50
 652 0375 08       		.byte	0x8
 653 0376 5D       		.byte	0x5d
 654 0377 1A       		.byte	0x1a
 655 0378 A5030000 		.4byte	0x3a5
 656 037c 04       		.byte	0x4
 657 037d 07       		.uleb128 0x7
 658 037e 99020000 		.4byte	.LASF51
 659 0382 08       		.byte	0x8
 660 0383 5F       		.byte	0x5f
 661 0384 19       		.byte	0x19
 662 0385 FB000000 		.4byte	0xfb
 663 0389 08       		.byte	0x8
 664 038a 07       		.uleb128 0x7
 665 038b A1020000 		.4byte	.LASF52
 666 038f 08       		.byte	0x8
 667 0390 60       		.byte	0x60
 668 0391 19       		.byte	0x19
 669 0392 2D030000 		.4byte	0x32d
 670 0396 0C       		.byte	0xc
 671 0397 07       		.uleb128 0x7
 672 0398 AA040000 		.4byte	.LASF53
 673 039c 08       		.byte	0x8
 674 039d 62       		.byte	0x62
 675 039e 1A       		.byte	0x1a
 676 039f 8E020000 		.4byte	0x28e
 677 03a3 10       		.byte	0x10
 678 03a4 00       		.byte	0
 679 03a5 0A       		.uleb128 0xa
 680 03a6 04       		.byte	0x4
 681 03a7 4A030000 		.4byte	0x34a
 682 03ab 09       		.uleb128 0x9
 683 03ac 10       		.byte	0x10
 684 03ad 08       		.byte	0x8
ARM GAS  /tmp/cccEn1SS.s 			page 13


 685 03ae 6C       		.byte	0x6c
 686 03af 09       		.byte	0x9
 687 03b0 E9030000 		.4byte	0x3e9
 688 03b4 07       		.uleb128 0x7
 689 03b5 02020000 		.4byte	.LASF49
 690 03b9 08       		.byte	0x8
 691 03ba 6D       		.byte	0x6d
 692 03bb 1A       		.byte	0x1a
 693 03bc A5030000 		.4byte	0x3a5
 694 03c0 00       		.byte	0
 695 03c1 07       		.uleb128 0x7
 696 03c2 E6010000 		.4byte	.LASF50
 697 03c6 08       		.byte	0x8
 698 03c7 6F       		.byte	0x6f
 699 03c8 1A       		.byte	0x1a
 700 03c9 A5030000 		.4byte	0x3a5
 701 03cd 04       		.byte	0x4
 702 03ce 07       		.uleb128 0x7
 703 03cf 99020000 		.4byte	.LASF51
 704 03d3 08       		.byte	0x8
 705 03d4 71       		.byte	0x71
 706 03d5 19       		.byte	0x19
 707 03d6 FB000000 		.4byte	0xfb
 708 03da 08       		.byte	0x8
 709 03db 07       		.uleb128 0x7
 710 03dc E9040000 		.4byte	.LASF54
 711 03e0 08       		.byte	0x8
 712 03e1 72       		.byte	0x72
 713 03e2 19       		.byte	0x19
 714 03e3 07010000 		.4byte	0x107
 715 03e7 0C       		.byte	0xc
 716 03e8 00       		.byte	0
 717 03e9 03       		.uleb128 0x3
 718 03ea FF040000 		.4byte	.LASF55
 719 03ee 08       		.byte	0x8
 720 03ef 73       		.byte	0x73
 721 03f0 03       		.byte	0x3
 722 03f1 AB030000 		.4byte	0x3ab
 723 03f5 0E       		.uleb128 0xe
 724 03f6 EE000000 		.4byte	.LASF63
 725 03fa 08       		.byte	0x8
 726 03fb D1       		.byte	0xd1
 727 03fc 0F       		.byte	0xf
 728 03fd E9030000 		.4byte	0x3e9
 729 0401 09       		.uleb128 0x9
 730 0402 1C       		.byte	0x1c
 731 0403 09       		.byte	0x9
 732 0404 57       		.byte	0x57
 733 0405 09       		.byte	0x9
 734 0406 59040000 		.4byte	0x459
 735 040a 07       		.uleb128 0x7
 736 040b CD030000 		.4byte	.LASF56
 737 040f 09       		.byte	0x9
 738 0410 58       		.byte	0x58
 739 0411 19       		.byte	0x19
 740 0412 47020000 		.4byte	0x247
 741 0416 00       		.byte	0
ARM GAS  /tmp/cccEn1SS.s 			page 14


 742 0417 07       		.uleb128 0x7
 743 0418 60030000 		.4byte	.LASF57
 744 041c 09       		.byte	0x9
 745 041d 59       		.byte	0x59
 746 041e 19       		.byte	0x19
 747 041f D7000000 		.4byte	0xd7
 748 0423 08       		.byte	0x8
 749 0424 07       		.uleb128 0x7
 750 0425 C9020000 		.4byte	.LASF58
 751 0429 09       		.byte	0x9
 752 042a 5B       		.byte	0x5b
 753 042b 19       		.byte	0x19
 754 042c 0C030000 		.4byte	0x30c
 755 0430 0C       		.byte	0xc
 756 0431 07       		.uleb128 0x7
 757 0432 D5010000 		.4byte	.LASF59
 758 0436 09       		.byte	0x9
 759 0437 5E       		.byte	0x5e
 760 0438 1A       		.byte	0x1a
 761 0439 41020000 		.4byte	0x241
 762 043d 10       		.byte	0x10
 763 043e 07       		.uleb128 0x7
 764 043f EE020000 		.4byte	.LASF60
 765 0443 09       		.byte	0x9
 766 0444 5F       		.byte	0x5f
 767 0445 1A       		.byte	0x1a
 768 0446 41020000 		.4byte	0x241
 769 044a 14       		.byte	0x14
 770 044b 07       		.uleb128 0x7
 771 044c E4020000 		.4byte	.LASF61
 772 0450 09       		.byte	0x9
 773 0451 62       		.byte	0x62
 774 0452 1A       		.byte	0x1a
 775 0453 41020000 		.4byte	0x241
 776 0457 18       		.byte	0x18
 777 0458 00       		.byte	0
 778 0459 03       		.uleb128 0x3
 779 045a C3040000 		.4byte	.LASF62
 780 045e 09       		.byte	0x9
 781 045f 64       		.byte	0x64
 782 0460 03       		.byte	0x3
 783 0461 01040000 		.4byte	0x401
 784 0465 0E       		.uleb128 0xe
 785 0466 CD040000 		.4byte	.LASF64
 786 046a 09       		.byte	0x9
 787 046b 68       		.byte	0x68
 788 046c 12       		.byte	0x12
 789 046d 59040000 		.4byte	0x459
 790 0471 06       		.uleb128 0x6
 791 0472 74020000 		.4byte	.LASF65
 792 0476 10       		.byte	0x10
 793 0477 0A       		.byte	0xa
 794 0478 25       		.byte	0x25
 795 0479 10       		.byte	0x10
 796 047a A6040000 		.4byte	0x4a6
 797 047e 07       		.uleb128 0x7
 798 047f 7F010000 		.4byte	.LASF66
ARM GAS  /tmp/cccEn1SS.s 			page 15


 799 0483 0A       		.byte	0xa
 800 0484 26       		.byte	0x26
 801 0485 19       		.byte	0x19
 802 0486 47020000 		.4byte	0x247
 803 048a 00       		.byte	0
 804 048b 07       		.uleb128 0x7
 805 048c 06050000 		.4byte	.LASF67
 806 0490 0A       		.byte	0xa
 807 0491 28       		.byte	0x28
 808 0492 1A       		.byte	0x1a
 809 0493 41020000 		.4byte	0x241
 810 0497 08       		.byte	0x8
 811 0498 07       		.uleb128 0x7
 812 0499 55040000 		.4byte	.LASF68
 813 049d 0A       		.byte	0xa
 814 049e 2A       		.byte	0x2a
 815 049f 1A       		.byte	0x1a
 816 04a0 A6040000 		.4byte	0x4a6
 817 04a4 0C       		.byte	0xc
 818 04a5 00       		.byte	0
 819 04a6 0A       		.uleb128 0xa
 820 04a7 04       		.byte	0x4
 821 04a8 71040000 		.4byte	0x471
 822 04ac 03       		.uleb128 0x3
 823 04ad 74020000 		.4byte	.LASF65
 824 04b1 0A       		.byte	0xa
 825 04b2 2C       		.byte	0x2c
 826 04b3 03       		.byte	0x3
 827 04b4 71040000 		.4byte	0x471
 828 04b8 0F       		.uleb128 0xf
 829 04b9 04       		.byte	0x4
 830 04ba 06       		.byte	0x6
 831 04bb 8F       		.byte	0x8f
 832 04bc 03       		.byte	0x3
 833 04bd F2040000 		.4byte	0x4f2
 834 04c1 10       		.uleb128 0x10
 835 04c2 E7000000 		.4byte	.LASF69
 836 04c6 06       		.byte	0x6
 837 04c7 96       		.byte	0x96
 838 04c8 19       		.byte	0x19
 839 04c9 E3000000 		.4byte	0xe3
 840 04cd 10       		.uleb128 0x10
 841 04ce 1A010000 		.4byte	.LASF70
 842 04d2 06       		.byte	0x6
 843 04d3 9D       		.byte	0x9d
 844 04d4 19       		.byte	0x19
 845 04d5 E3000000 		.4byte	0xe3
 846 04d9 10       		.uleb128 0x10
 847 04da 87010000 		.4byte	.LASF71
 848 04de 06       		.byte	0x6
 849 04df A4       		.byte	0xa4
 850 04e0 1A       		.byte	0x1a
 851 04e1 8E020000 		.4byte	0x28e
 852 04e5 10       		.uleb128 0x10
 853 04e6 67030000 		.4byte	.LASF72
 854 04ea 06       		.byte	0x6
 855 04eb AB       		.byte	0xab
ARM GAS  /tmp/cccEn1SS.s 			page 16


 856 04ec 19       		.byte	0x19
 857 04ed EF000000 		.4byte	0xef
 858 04f1 00       		.byte	0
 859 04f2 0A       		.uleb128 0xa
 860 04f3 04       		.byte	0x4
 861 04f4 FF040000 		.4byte	0x4ff
 862 04f8 04       		.uleb128 0x4
 863 04f9 01       		.byte	0x1
 864 04fa 08       		.byte	0x8
 865 04fb 40040000 		.4byte	.LASF73
 866 04ff 11       		.uleb128 0x11
 867 0500 F8040000 		.4byte	0x4f8
 868 0504 0A       		.uleb128 0xa
 869 0505 04       		.byte	0x4
 870 0506 AC040000 		.4byte	0x4ac
 871 050a 09       		.uleb128 0x9
 872 050b 16       		.byte	0x16
 873 050c 0B       		.byte	0xb
 874 050d 25       		.byte	0x25
 875 050e 09       		.byte	0x9
 876 050f FE050000 		.4byte	0x5fe
 877 0513 07       		.uleb128 0x7
 878 0514 25020000 		.4byte	.LASF74
 879 0518 0B       		.byte	0xb
 880 0519 26       		.byte	0x26
 881 051a 0D       		.byte	0xd
 882 051b FE050000 		.4byte	0x5fe
 883 051f 00       		.byte	0
 884 0520 07       		.uleb128 0x7
 885 0521 85020000 		.4byte	.LASF75
 886 0525 0B       		.byte	0xb
 887 0526 27       		.byte	0x27
 888 0527 0D       		.byte	0xd
 889 0528 67000000 		.4byte	0x67
 890 052c 04       		.byte	0x4
 891 052d 07       		.uleb128 0x7
 892 052e DC020000 		.4byte	.LASF76
 893 0532 0B       		.byte	0xb
 894 0533 28       		.byte	0x28
 895 0534 0D       		.byte	0xd
 896 0535 67000000 		.4byte	0x67
 897 0539 05       		.byte	0x5
 898 053a 07       		.uleb128 0x7
 899 053b F4040000 		.4byte	.LASF77
 900 053f 0B       		.byte	0xb
 901 0540 29       		.byte	0x29
 902 0541 0D       		.byte	0xd
 903 0542 7A000000 		.4byte	0x7a
 904 0546 06       		.byte	0x6
 905 0547 07       		.uleb128 0x7
 906 0548 FE020000 		.4byte	.LASF78
 907 054c 0B       		.byte	0xb
 908 054d 2A       		.byte	0x2a
 909 054e 0D       		.byte	0xd
 910 054f 67000000 		.4byte	0x67
 911 0553 08       		.byte	0x8
 912 0554 07       		.uleb128 0x7
ARM GAS  /tmp/cccEn1SS.s 			page 17


 913 0555 A9020000 		.4byte	.LASF79
 914 0559 0B       		.byte	0xb
 915 055a 2B       		.byte	0x2b
 916 055b 0D       		.byte	0xd
 917 055c 67000000 		.4byte	0x67
 918 0560 09       		.byte	0x9
 919 0561 07       		.uleb128 0x7
 920 0562 0C010000 		.4byte	.LASF80
 921 0566 0B       		.byte	0xb
 922 0567 2C       		.byte	0x2c
 923 0568 0D       		.byte	0xd
 924 0569 67000000 		.4byte	0x67
 925 056d 0A       		.byte	0xa
 926 056e 07       		.uleb128 0x7
 927 056f C1030000 		.4byte	.LASF81
 928 0573 0B       		.byte	0xb
 929 0574 2D       		.byte	0x2d
 930 0575 0D       		.byte	0xd
 931 0576 67000000 		.4byte	0x67
 932 057a 0B       		.byte	0xb
 933 057b 07       		.uleb128 0x7
 934 057c B1040000 		.4byte	.LASF82
 935 0580 0B       		.byte	0xb
 936 0581 2E       		.byte	0x2e
 937 0582 0D       		.byte	0xd
 938 0583 67000000 		.4byte	0x67
 939 0587 0C       		.byte	0xc
 940 0588 07       		.uleb128 0x7
 941 0589 A0030000 		.4byte	.LASF83
 942 058d 0B       		.byte	0xb
 943 058e 2F       		.byte	0x2f
 944 058f 0D       		.byte	0xd
 945 0590 67000000 		.4byte	0x67
 946 0594 0D       		.byte	0xd
 947 0595 07       		.uleb128 0x7
 948 0596 00000000 		.4byte	.LASF84
 949 059a 0B       		.byte	0xb
 950 059b 30       		.byte	0x30
 951 059c 0D       		.byte	0xd
 952 059d 67000000 		.4byte	0x67
 953 05a1 0E       		.byte	0xe
 954 05a2 07       		.uleb128 0x7
 955 05a3 B5020000 		.4byte	.LASF85
 956 05a7 0B       		.byte	0xb
 957 05a8 31       		.byte	0x31
 958 05a9 0D       		.byte	0xd
 959 05aa 67000000 		.4byte	0x67
 960 05ae 0F       		.byte	0xf
 961 05af 07       		.uleb128 0x7
 962 05b0 62010000 		.4byte	.LASF86
 963 05b4 0B       		.byte	0xb
 964 05b5 32       		.byte	0x32
 965 05b6 0D       		.byte	0xd
 966 05b7 67000000 		.4byte	0x67
 967 05bb 10       		.byte	0x10
 968 05bc 07       		.uleb128 0x7
 969 05bd 3B010000 		.4byte	.LASF87
ARM GAS  /tmp/cccEn1SS.s 			page 18


 970 05c1 0B       		.byte	0xb
 971 05c2 34       		.byte	0x34
 972 05c3 0D       		.byte	0xd
 973 05c4 67000000 		.4byte	0x67
 974 05c8 11       		.byte	0x11
 975 05c9 07       		.uleb128 0x7
 976 05ca 72010000 		.4byte	.LASF88
 977 05ce 0B       		.byte	0xb
 978 05cf 35       		.byte	0x35
 979 05d0 0D       		.byte	0xd
 980 05d1 67000000 		.4byte	0x67
 981 05d5 12       		.byte	0x12
 982 05d6 07       		.uleb128 0x7
 983 05d7 8D020000 		.4byte	.LASF89
 984 05db 0B       		.byte	0xb
 985 05dc 36       		.byte	0x36
 986 05dd 0D       		.byte	0xd
 987 05de 67000000 		.4byte	0x67
 988 05e2 13       		.byte	0x13
 989 05e3 07       		.uleb128 0x7
 990 05e4 75030000 		.4byte	.LASF90
 991 05e8 0B       		.byte	0xb
 992 05e9 37       		.byte	0x37
 993 05ea 0D       		.byte	0xd
 994 05eb 67000000 		.4byte	0x67
 995 05ef 14       		.byte	0x14
 996 05f0 07       		.uleb128 0x7
 997 05f1 54030000 		.4byte	.LASF91
 998 05f5 0B       		.byte	0xb
 999 05f6 39       		.byte	0x39
 1000 05f7 0D       		.byte	0xd
 1001 05f8 67000000 		.4byte	0x67
 1002 05fc 15       		.byte	0x15
 1003 05fd 00       		.byte	0
 1004 05fe 12       		.uleb128 0x12
 1005 05ff F8040000 		.4byte	0x4f8
 1006 0603 0E060000 		.4byte	0x60e
 1007 0607 13       		.uleb128 0x13
 1008 0608 38000000 		.4byte	0x38
 1009 060c 03       		.byte	0x3
 1010 060d 00       		.byte	0
 1011 060e 03       		.uleb128 0x3
 1012 060f B3010000 		.4byte	.LASF92
 1013 0613 0B       		.byte	0xb
 1014 0614 3A       		.byte	0x3a
 1015 0615 03       		.byte	0x3
 1016 0616 0A050000 		.4byte	0x50a
 1017 061a 11       		.uleb128 0x11
 1018 061b 0E060000 		.4byte	0x60e
 1019 061f 0E       		.uleb128 0xe
 1020 0620 1C020000 		.4byte	.LASF93
 1021 0624 0B       		.byte	0xb
 1022 0625 77       		.byte	0x77
 1023 0626 1D       		.byte	0x1d
 1024 0627 1A060000 		.4byte	0x61a
 1025 062b 12       		.uleb128 0x12
 1026 062c 76020000 		.4byte	0x276
ARM GAS  /tmp/cccEn1SS.s 			page 19


 1027 0630 3B060000 		.4byte	0x63b
 1028 0634 13       		.uleb128 0x13
 1029 0635 38000000 		.4byte	0x38
 1030 0639 26       		.byte	0x26
 1031 063a 00       		.byte	0
 1032 063b 0E       		.uleb128 0xe
 1033 063c C5010000 		.4byte	.LASF94
 1034 0640 0C       		.byte	0xc
 1035 0641 82       		.byte	0x82
 1036 0642 08       		.byte	0x8
 1037 0643 2B060000 		.4byte	0x62b
 1038 0647 14       		.uleb128 0x14
 1039 0648 1F060000 		.4byte	0x61f
 1040 064c 01       		.byte	0x1
 1041 064d 3B       		.byte	0x3b
 1042 064e 14       		.byte	0x14
 1043 064f 05       		.uleb128 0x5
 1044 0650 03       		.byte	0x3
 1045 0651 00000000 		.4byte	ch_debug
 1046 0655 15       		.uleb128 0x15
 1047 0656 45040000 		.4byte	.LASF95
 1048 065a 01       		.byte	0x1
 1049 065b 85       		.byte	0x85
 1050 065c 09       		.byte	0x9
 1051 065d 41020000 		.4byte	0x241
 1052 0661 00000000 		.4byte	.LFB8
 1053 0665 38000000 		.4byte	.LFE8-.LFB8
 1054 0669 01       		.uleb128 0x1
 1055 066a 9C       		.byte	0x9c
 1056 066b A8060000 		.4byte	0x6a8
 1057 066f 16       		.uleb128 0x16
 1058 0670 747000   		.ascii	"tp\000"
 1059 0673 01       		.byte	0x1
 1060 0674 85       		.byte	0x85
 1061 0675 21       		.byte	0x21
 1062 0676 41020000 		.4byte	0x241
 1063 067a 04000000 		.4byte	.LLST1
 1064 067e 00000000 		.4byte	.LVUS1
 1065 0682 17       		.uleb128 0x17
 1066 0683 6E747000 		.ascii	"ntp\000"
 1067 0687 01       		.byte	0x1
 1068 0688 86       		.byte	0x86
 1069 0689 0B       		.byte	0xb
 1070 068a 41020000 		.4byte	0x241
 1071 068e 27000000 		.4byte	.LLST2
 1072 0692 25000000 		.4byte	.LVUS2
 1073 0696 18       		.uleb128 0x18
 1074 0697 2C000000 		.4byte	.LVL4
 1075 069b D6060000 		.4byte	0x6d6
 1076 069f 19       		.uleb128 0x19
 1077 06a0 01       		.uleb128 0x1
 1078 06a1 50       		.byte	0x50
 1079 06a2 03       		.uleb128 0x3
 1080 06a3 F3       		.byte	0xf3
 1081 06a4 01       		.uleb128 0x1
 1082 06a5 50       		.byte	0x50
 1083 06a6 00       		.byte	0
ARM GAS  /tmp/cccEn1SS.s 			page 20


 1084 06a7 00       		.byte	0
 1085 06a8 15       		.uleb128 0x15
 1086 06a9 23010000 		.4byte	.LASF96
 1087 06ad 01       		.byte	0x1
 1088 06ae 6E       		.byte	0x6e
 1089 06af 09       		.byte	0x9
 1090 06b0 41020000 		.4byte	0x241
 1091 06b4 00000000 		.4byte	.LFB7
 1092 06b8 24000000 		.4byte	.LFE7-.LFB7
 1093 06bc 01       		.uleb128 0x1
 1094 06bd 9C       		.byte	0x9c
 1095 06be D6060000 		.4byte	0x6d6
 1096 06c2 17       		.uleb128 0x17
 1097 06c3 747000   		.ascii	"tp\000"
 1098 06c6 01       		.byte	0x1
 1099 06c7 6F       		.byte	0x6f
 1100 06c8 0B       		.byte	0xb
 1101 06c9 41020000 		.4byte	0x241
 1102 06cd 3C000000 		.4byte	.LLST0
 1103 06d1 3A000000 		.4byte	.LVUS0
 1104 06d5 00       		.byte	0
 1105 06d6 1A       		.uleb128 0x1a
 1106 06d7 8C030000 		.4byte	.LASF100
 1107 06db 8C030000 		.4byte	.LASF100
 1108 06df 0D       		.byte	0xd
 1109 06e0 33       		.byte	0x33
 1110 06e1 08       		.byte	0x8
 1111 06e2 00       		.byte	0
 1112              		.section	.debug_abbrev,"",%progbits
 1113              	.Ldebug_abbrev0:
 1114 0000 01       		.uleb128 0x1
 1115 0001 11       		.uleb128 0x11
 1116 0002 01       		.byte	0x1
 1117 0003 25       		.uleb128 0x25
 1118 0004 0E       		.uleb128 0xe
 1119 0005 13       		.uleb128 0x13
 1120 0006 0B       		.uleb128 0xb
 1121 0007 03       		.uleb128 0x3
 1122 0008 0E       		.uleb128 0xe
 1123 0009 1B       		.uleb128 0x1b
 1124 000a 0E       		.uleb128 0xe
 1125 000b 55       		.uleb128 0x55
 1126 000c 17       		.uleb128 0x17
 1127 000d 11       		.uleb128 0x11
 1128 000e 01       		.uleb128 0x1
 1129 000f 10       		.uleb128 0x10
 1130 0010 17       		.uleb128 0x17
 1131 0011 00       		.byte	0
 1132 0012 00       		.byte	0
 1133 0013 02       		.uleb128 0x2
 1134 0014 24       		.uleb128 0x24
 1135 0015 00       		.byte	0
 1136 0016 0B       		.uleb128 0xb
 1137 0017 0B       		.uleb128 0xb
 1138 0018 3E       		.uleb128 0x3e
 1139 0019 0B       		.uleb128 0xb
 1140 001a 03       		.uleb128 0x3
ARM GAS  /tmp/cccEn1SS.s 			page 21


 1141 001b 08       		.uleb128 0x8
 1142 001c 00       		.byte	0
 1143 001d 00       		.byte	0
 1144 001e 03       		.uleb128 0x3
 1145 001f 16       		.uleb128 0x16
 1146 0020 00       		.byte	0
 1147 0021 03       		.uleb128 0x3
 1148 0022 0E       		.uleb128 0xe
 1149 0023 3A       		.uleb128 0x3a
 1150 0024 0B       		.uleb128 0xb
 1151 0025 3B       		.uleb128 0x3b
 1152 0026 0B       		.uleb128 0xb
 1153 0027 39       		.uleb128 0x39
 1154 0028 0B       		.uleb128 0xb
 1155 0029 49       		.uleb128 0x49
 1156 002a 13       		.uleb128 0x13
 1157 002b 00       		.byte	0
 1158 002c 00       		.byte	0
 1159 002d 04       		.uleb128 0x4
 1160 002e 24       		.uleb128 0x24
 1161 002f 00       		.byte	0
 1162 0030 0B       		.uleb128 0xb
 1163 0031 0B       		.uleb128 0xb
 1164 0032 3E       		.uleb128 0x3e
 1165 0033 0B       		.uleb128 0xb
 1166 0034 03       		.uleb128 0x3
 1167 0035 0E       		.uleb128 0xe
 1168 0036 00       		.byte	0
 1169 0037 00       		.byte	0
 1170 0038 05       		.uleb128 0x5
 1171 0039 35       		.uleb128 0x35
 1172 003a 00       		.byte	0
 1173 003b 49       		.uleb128 0x49
 1174 003c 13       		.uleb128 0x13
 1175 003d 00       		.byte	0
 1176 003e 00       		.byte	0
 1177 003f 06       		.uleb128 0x6
 1178 0040 13       		.uleb128 0x13
 1179 0041 01       		.byte	0x1
 1180 0042 03       		.uleb128 0x3
 1181 0043 0E       		.uleb128 0xe
 1182 0044 0B       		.uleb128 0xb
 1183 0045 0B       		.uleb128 0xb
 1184 0046 3A       		.uleb128 0x3a
 1185 0047 0B       		.uleb128 0xb
 1186 0048 3B       		.uleb128 0x3b
 1187 0049 0B       		.uleb128 0xb
 1188 004a 39       		.uleb128 0x39
 1189 004b 0B       		.uleb128 0xb
 1190 004c 01       		.uleb128 0x1
 1191 004d 13       		.uleb128 0x13
 1192 004e 00       		.byte	0
 1193 004f 00       		.byte	0
 1194 0050 07       		.uleb128 0x7
 1195 0051 0D       		.uleb128 0xd
 1196 0052 00       		.byte	0
 1197 0053 03       		.uleb128 0x3
ARM GAS  /tmp/cccEn1SS.s 			page 22


 1198 0054 0E       		.uleb128 0xe
 1199 0055 3A       		.uleb128 0x3a
 1200 0056 0B       		.uleb128 0xb
 1201 0057 3B       		.uleb128 0x3b
 1202 0058 0B       		.uleb128 0xb
 1203 0059 39       		.uleb128 0x39
 1204 005a 0B       		.uleb128 0xb
 1205 005b 49       		.uleb128 0x49
 1206 005c 13       		.uleb128 0x13
 1207 005d 38       		.uleb128 0x38
 1208 005e 0B       		.uleb128 0xb
 1209 005f 00       		.byte	0
 1210 0060 00       		.byte	0
 1211 0061 08       		.uleb128 0x8
 1212 0062 0D       		.uleb128 0xd
 1213 0063 00       		.byte	0
 1214 0064 03       		.uleb128 0x3
 1215 0065 08       		.uleb128 0x8
 1216 0066 3A       		.uleb128 0x3a
 1217 0067 0B       		.uleb128 0xb
 1218 0068 3B       		.uleb128 0x3b
 1219 0069 0B       		.uleb128 0xb
 1220 006a 39       		.uleb128 0x39
 1221 006b 0B       		.uleb128 0xb
 1222 006c 49       		.uleb128 0x49
 1223 006d 13       		.uleb128 0x13
 1224 006e 38       		.uleb128 0x38
 1225 006f 0B       		.uleb128 0xb
 1226 0070 00       		.byte	0
 1227 0071 00       		.byte	0
 1228 0072 09       		.uleb128 0x9
 1229 0073 13       		.uleb128 0x13
 1230 0074 01       		.byte	0x1
 1231 0075 0B       		.uleb128 0xb
 1232 0076 0B       		.uleb128 0xb
 1233 0077 3A       		.uleb128 0x3a
 1234 0078 0B       		.uleb128 0xb
 1235 0079 3B       		.uleb128 0x3b
 1236 007a 0B       		.uleb128 0xb
 1237 007b 39       		.uleb128 0x39
 1238 007c 0B       		.uleb128 0xb
 1239 007d 01       		.uleb128 0x1
 1240 007e 13       		.uleb128 0x13
 1241 007f 00       		.byte	0
 1242 0080 00       		.byte	0
 1243 0081 0A       		.uleb128 0xa
 1244 0082 0F       		.uleb128 0xf
 1245 0083 00       		.byte	0
 1246 0084 0B       		.uleb128 0xb
 1247 0085 0B       		.uleb128 0xb
 1248 0086 49       		.uleb128 0x49
 1249 0087 13       		.uleb128 0x13
 1250 0088 00       		.byte	0
 1251 0089 00       		.byte	0
 1252 008a 0B       		.uleb128 0xb
 1253 008b 0F       		.uleb128 0xf
 1254 008c 00       		.byte	0
ARM GAS  /tmp/cccEn1SS.s 			page 23


 1255 008d 0B       		.uleb128 0xb
 1256 008e 0B       		.uleb128 0xb
 1257 008f 00       		.byte	0
 1258 0090 00       		.byte	0
 1259 0091 0C       		.uleb128 0xc
 1260 0092 15       		.uleb128 0x15
 1261 0093 01       		.byte	0x1
 1262 0094 27       		.uleb128 0x27
 1263 0095 19       		.uleb128 0x19
 1264 0096 01       		.uleb128 0x1
 1265 0097 13       		.uleb128 0x13
 1266 0098 00       		.byte	0
 1267 0099 00       		.byte	0
 1268 009a 0D       		.uleb128 0xd
 1269 009b 05       		.uleb128 0x5
 1270 009c 00       		.byte	0
 1271 009d 49       		.uleb128 0x49
 1272 009e 13       		.uleb128 0x13
 1273 009f 00       		.byte	0
 1274 00a0 00       		.byte	0
 1275 00a1 0E       		.uleb128 0xe
 1276 00a2 34       		.uleb128 0x34
 1277 00a3 00       		.byte	0
 1278 00a4 03       		.uleb128 0x3
 1279 00a5 0E       		.uleb128 0xe
 1280 00a6 3A       		.uleb128 0x3a
 1281 00a7 0B       		.uleb128 0xb
 1282 00a8 3B       		.uleb128 0x3b
 1283 00a9 0B       		.uleb128 0xb
 1284 00aa 39       		.uleb128 0x39
 1285 00ab 0B       		.uleb128 0xb
 1286 00ac 49       		.uleb128 0x49
 1287 00ad 13       		.uleb128 0x13
 1288 00ae 3F       		.uleb128 0x3f
 1289 00af 19       		.uleb128 0x19
 1290 00b0 3C       		.uleb128 0x3c
 1291 00b1 19       		.uleb128 0x19
 1292 00b2 00       		.byte	0
 1293 00b3 00       		.byte	0
 1294 00b4 0F       		.uleb128 0xf
 1295 00b5 17       		.uleb128 0x17
 1296 00b6 01       		.byte	0x1
 1297 00b7 0B       		.uleb128 0xb
 1298 00b8 0B       		.uleb128 0xb
 1299 00b9 3A       		.uleb128 0x3a
 1300 00ba 0B       		.uleb128 0xb
 1301 00bb 3B       		.uleb128 0x3b
 1302 00bc 0B       		.uleb128 0xb
 1303 00bd 39       		.uleb128 0x39
 1304 00be 0B       		.uleb128 0xb
 1305 00bf 01       		.uleb128 0x1
 1306 00c0 13       		.uleb128 0x13
 1307 00c1 00       		.byte	0
 1308 00c2 00       		.byte	0
 1309 00c3 10       		.uleb128 0x10
 1310 00c4 0D       		.uleb128 0xd
 1311 00c5 00       		.byte	0
ARM GAS  /tmp/cccEn1SS.s 			page 24


 1312 00c6 03       		.uleb128 0x3
 1313 00c7 0E       		.uleb128 0xe
 1314 00c8 3A       		.uleb128 0x3a
 1315 00c9 0B       		.uleb128 0xb
 1316 00ca 3B       		.uleb128 0x3b
 1317 00cb 0B       		.uleb128 0xb
 1318 00cc 39       		.uleb128 0x39
 1319 00cd 0B       		.uleb128 0xb
 1320 00ce 49       		.uleb128 0x49
 1321 00cf 13       		.uleb128 0x13
 1322 00d0 00       		.byte	0
 1323 00d1 00       		.byte	0
 1324 00d2 11       		.uleb128 0x11
 1325 00d3 26       		.uleb128 0x26
 1326 00d4 00       		.byte	0
 1327 00d5 49       		.uleb128 0x49
 1328 00d6 13       		.uleb128 0x13
 1329 00d7 00       		.byte	0
 1330 00d8 00       		.byte	0
 1331 00d9 12       		.uleb128 0x12
 1332 00da 01       		.uleb128 0x1
 1333 00db 01       		.byte	0x1
 1334 00dc 49       		.uleb128 0x49
 1335 00dd 13       		.uleb128 0x13
 1336 00de 01       		.uleb128 0x1
 1337 00df 13       		.uleb128 0x13
 1338 00e0 00       		.byte	0
 1339 00e1 00       		.byte	0
 1340 00e2 13       		.uleb128 0x13
 1341 00e3 21       		.uleb128 0x21
 1342 00e4 00       		.byte	0
 1343 00e5 49       		.uleb128 0x49
 1344 00e6 13       		.uleb128 0x13
 1345 00e7 2F       		.uleb128 0x2f
 1346 00e8 0B       		.uleb128 0xb
 1347 00e9 00       		.byte	0
 1348 00ea 00       		.byte	0
 1349 00eb 14       		.uleb128 0x14
 1350 00ec 34       		.uleb128 0x34
 1351 00ed 00       		.byte	0
 1352 00ee 47       		.uleb128 0x47
 1353 00ef 13       		.uleb128 0x13
 1354 00f0 3A       		.uleb128 0x3a
 1355 00f1 0B       		.uleb128 0xb
 1356 00f2 3B       		.uleb128 0x3b
 1357 00f3 0B       		.uleb128 0xb
 1358 00f4 39       		.uleb128 0x39
 1359 00f5 0B       		.uleb128 0xb
 1360 00f6 02       		.uleb128 0x2
 1361 00f7 18       		.uleb128 0x18
 1362 00f8 00       		.byte	0
 1363 00f9 00       		.byte	0
 1364 00fa 15       		.uleb128 0x15
 1365 00fb 2E       		.uleb128 0x2e
 1366 00fc 01       		.byte	0x1
 1367 00fd 3F       		.uleb128 0x3f
 1368 00fe 19       		.uleb128 0x19
ARM GAS  /tmp/cccEn1SS.s 			page 25


 1369 00ff 03       		.uleb128 0x3
 1370 0100 0E       		.uleb128 0xe
 1371 0101 3A       		.uleb128 0x3a
 1372 0102 0B       		.uleb128 0xb
 1373 0103 3B       		.uleb128 0x3b
 1374 0104 0B       		.uleb128 0xb
 1375 0105 39       		.uleb128 0x39
 1376 0106 0B       		.uleb128 0xb
 1377 0107 27       		.uleb128 0x27
 1378 0108 19       		.uleb128 0x19
 1379 0109 49       		.uleb128 0x49
 1380 010a 13       		.uleb128 0x13
 1381 010b 11       		.uleb128 0x11
 1382 010c 01       		.uleb128 0x1
 1383 010d 12       		.uleb128 0x12
 1384 010e 06       		.uleb128 0x6
 1385 010f 40       		.uleb128 0x40
 1386 0110 18       		.uleb128 0x18
 1387 0111 9742     		.uleb128 0x2117
 1388 0113 19       		.uleb128 0x19
 1389 0114 01       		.uleb128 0x1
 1390 0115 13       		.uleb128 0x13
 1391 0116 00       		.byte	0
 1392 0117 00       		.byte	0
 1393 0118 16       		.uleb128 0x16
 1394 0119 05       		.uleb128 0x5
 1395 011a 00       		.byte	0
 1396 011b 03       		.uleb128 0x3
 1397 011c 08       		.uleb128 0x8
 1398 011d 3A       		.uleb128 0x3a
 1399 011e 0B       		.uleb128 0xb
 1400 011f 3B       		.uleb128 0x3b
 1401 0120 0B       		.uleb128 0xb
 1402 0121 39       		.uleb128 0x39
 1403 0122 0B       		.uleb128 0xb
 1404 0123 49       		.uleb128 0x49
 1405 0124 13       		.uleb128 0x13
 1406 0125 02       		.uleb128 0x2
 1407 0126 17       		.uleb128 0x17
 1408 0127 B742     		.uleb128 0x2137
 1409 0129 17       		.uleb128 0x17
 1410 012a 00       		.byte	0
 1411 012b 00       		.byte	0
 1412 012c 17       		.uleb128 0x17
 1413 012d 34       		.uleb128 0x34
 1414 012e 00       		.byte	0
 1415 012f 03       		.uleb128 0x3
 1416 0130 08       		.uleb128 0x8
 1417 0131 3A       		.uleb128 0x3a
 1418 0132 0B       		.uleb128 0xb
 1419 0133 3B       		.uleb128 0x3b
 1420 0134 0B       		.uleb128 0xb
 1421 0135 39       		.uleb128 0x39
 1422 0136 0B       		.uleb128 0xb
 1423 0137 49       		.uleb128 0x49
 1424 0138 13       		.uleb128 0x13
 1425 0139 02       		.uleb128 0x2
ARM GAS  /tmp/cccEn1SS.s 			page 26


 1426 013a 17       		.uleb128 0x17
 1427 013b B742     		.uleb128 0x2137
 1428 013d 17       		.uleb128 0x17
 1429 013e 00       		.byte	0
 1430 013f 00       		.byte	0
 1431 0140 18       		.uleb128 0x18
 1432 0141 898201   		.uleb128 0x4109
 1433 0144 01       		.byte	0x1
 1434 0145 11       		.uleb128 0x11
 1435 0146 01       		.uleb128 0x1
 1436 0147 31       		.uleb128 0x31
 1437 0148 13       		.uleb128 0x13
 1438 0149 00       		.byte	0
 1439 014a 00       		.byte	0
 1440 014b 19       		.uleb128 0x19
 1441 014c 8A8201   		.uleb128 0x410a
 1442 014f 00       		.byte	0
 1443 0150 02       		.uleb128 0x2
 1444 0151 18       		.uleb128 0x18
 1445 0152 9142     		.uleb128 0x2111
 1446 0154 18       		.uleb128 0x18
 1447 0155 00       		.byte	0
 1448 0156 00       		.byte	0
 1449 0157 1A       		.uleb128 0x1a
 1450 0158 2E       		.uleb128 0x2e
 1451 0159 00       		.byte	0
 1452 015a 3F       		.uleb128 0x3f
 1453 015b 19       		.uleb128 0x19
 1454 015c 3C       		.uleb128 0x3c
 1455 015d 19       		.uleb128 0x19
 1456 015e 6E       		.uleb128 0x6e
 1457 015f 0E       		.uleb128 0xe
 1458 0160 03       		.uleb128 0x3
 1459 0161 0E       		.uleb128 0xe
 1460 0162 3A       		.uleb128 0x3a
 1461 0163 0B       		.uleb128 0xb
 1462 0164 3B       		.uleb128 0x3b
 1463 0165 0B       		.uleb128 0xb
 1464 0166 39       		.uleb128 0x39
 1465 0167 0B       		.uleb128 0xb
 1466 0168 00       		.byte	0
 1467 0169 00       		.byte	0
 1468 016a 00       		.byte	0
 1469              		.section	.debug_loc,"",%progbits
 1470              	.Ldebug_loc0:
 1471              	.LVUS1:
 1472 0000 00       		.uleb128 0
 1473 0001 00       		.uleb128 .LVU37
 1474 0002 00       		.uleb128 .LVU37
 1475 0003 00       		.uleb128 0
 1476              	.LLST1:
 1477 0004 00000000 		.4byte	.LVL1
 1478 0008 2B000000 		.4byte	.LVL4-1
 1479 000c 0100     		.2byte	0x1
 1480 000e 50       		.byte	0x50
 1481 000f 2B000000 		.4byte	.LVL4-1
 1482 0013 38000000 		.4byte	.LFE8
ARM GAS  /tmp/cccEn1SS.s 			page 27


 1483 0017 0400     		.2byte	0x4
 1484 0019 F3       		.byte	0xf3
 1485 001a 01       		.uleb128 0x1
 1486 001b 50       		.byte	0x50
 1487 001c 9F       		.byte	0x9f
 1488 001d 00000000 		.4byte	0
 1489 0021 00000000 		.4byte	0
 1490              	.LVUS2:
 1491 0025 00       		.uleb128 .LVU24
 1492 0026 00       		.uleb128 0
 1493              	.LLST2:
 1494 0027 10000000 		.4byte	.LVL2
 1495 002b 38000000 		.4byte	.LFE8
 1496 002f 0100     		.2byte	0x1
 1497 0031 54       		.byte	0x54
 1498 0032 00000000 		.4byte	0
 1499 0036 00000000 		.4byte	0
 1500              	.LVUS0:
 1501 003a 00       		.uleb128 .LVU7
 1502 003b 00       		.uleb128 0
 1503              	.LLST0:
 1504 003c 0C000000 		.4byte	.LVL0
 1505 0040 24000000 		.4byte	.LFE7
 1506 0044 0100     		.2byte	0x1
 1507 0046 50       		.byte	0x50
 1508 0047 00000000 		.4byte	0
 1509 004b 00000000 		.4byte	0
 1510              		.section	.debug_aranges,"",%progbits
 1511 0000 24000000 		.4byte	0x24
 1512 0004 0200     		.2byte	0x2
 1513 0006 00000000 		.4byte	.Ldebug_info0
 1514 000a 04       		.byte	0x4
 1515 000b 00       		.byte	0
 1516 000c 0000     		.2byte	0
 1517 000e 0000     		.2byte	0
 1518 0010 00000000 		.4byte	.LFB7
 1519 0014 24000000 		.4byte	.LFE7-.LFB7
 1520 0018 00000000 		.4byte	.LFB8
 1521 001c 38000000 		.4byte	.LFE8-.LFB8
 1522 0020 00000000 		.4byte	0
 1523 0024 00000000 		.4byte	0
 1524              		.section	.debug_ranges,"",%progbits
 1525              	.Ldebug_ranges0:
 1526 0000 00000000 		.4byte	.LFB7
 1527 0004 24000000 		.4byte	.LFE7
 1528 0008 00000000 		.4byte	.LFB8
 1529 000c 38000000 		.4byte	.LFE8
 1530 0010 00000000 		.4byte	0
 1531 0014 00000000 		.4byte	0
 1532              		.section	.debug_line,"",%progbits
 1533              	.Ldebug_line0:
 1534 0000 B6010000 		.section	.debug_str,"MS",%progbits,1
 1534      03001B01 
 1534      00000201 
 1534      FB0E0D00 
 1534      01010101 
 1535              	.LASF84:
ARM GAS  /tmp/cccEn1SS.s 			page 28


 1536 0000 63665F6F 		.ascii	"cf_off_older\000"
 1536      66665F6F 
 1536      6C646572 
 1536      00
 1537              	.LASF37:
 1538 000d 705F6D73 		.ascii	"p_msg\000"
 1538      6700
 1539              	.LASF97:
 1540 0013 474E5520 		.ascii	"GNU C17 9.2.1 20191025 (release) [ARM/arm-9-branch "
 1540      43313720 
 1540      392E322E 
 1540      31203230 
 1540      31393130 
 1541 0046 72657669 		.ascii	"revision 277599] -mcpu=arm1176jz-s -mno-thumb-inter"
 1541      73696F6E 
 1541      20323737 
 1541      3539395D 
 1541      202D6D63 
 1542 0079 776F726B 		.ascii	"work -mfloat-abi=soft -marm -march=armv6kz -ggdb -O"
 1542      202D6D66 
 1542      6C6F6174 
 1542      2D616269 
 1542      3D736F66 
 1543 00ac 32202D66 		.ascii	"2 -fomit-frame-pointer -ffunction-sections -fdata-s"
 1543      6F6D6974 
 1543      2D667261 
 1543      6D652D70 
 1543      6F696E74 
 1544 00df 65637469 		.ascii	"ections\000"
 1544      6F6E7300 
 1545              	.LASF69:
 1546 00e7 7264796D 		.ascii	"rdymsg\000"
 1546      736700
 1547              	.LASF63:
 1548 00ee 76746C69 		.ascii	"vtlist\000"
 1548      737400
 1549              	.LASF13:
 1550 00f5 6C6F6E67 		.ascii	"long long unsigned int\000"
 1550      206C6F6E 
 1550      6720756E 
 1550      7369676E 
 1550      65642069 
 1551              	.LASF80:
 1552 010c 63685F74 		.ascii	"ch_threadsize\000"
 1552      68726561 
 1552      6473697A 
 1552      6500
 1553              	.LASF70:
 1554 011a 65786974 		.ascii	"exitcode\000"
 1554      636F6465 
 1554      00
 1555              	.LASF96:
 1556 0123 63685265 		.ascii	"chRegFirstThread\000"
 1556      67466972 
 1556      73745468 
 1556      72656164 
 1556      00
ARM GAS  /tmp/cccEn1SS.s 			page 29


 1557              	.LASF25:
 1558 0134 705F7072 		.ascii	"p_prio\000"
 1558      696F00
 1559              	.LASF87:
 1560 013b 63665F6F 		.ascii	"cf_off_state\000"
 1560      66665F73 
 1560      74617465 
 1560      00
 1561              	.LASF6:
 1562 0148 6C6F6E67 		.ascii	"long long int\000"
 1562      206C6F6E 
 1562      6720696E 
 1562      7400
 1563              	.LASF1:
 1564 0156 7369676E 		.ascii	"signed char\000"
 1564      65642063 
 1564      68617200 
 1565              	.LASF86:
 1566 0162 63665F6F 		.ascii	"cf_off_stklimit\000"
 1566      66665F73 
 1566      746B6C69 
 1566      6D697400 
 1567              	.LASF88:
 1568 0172 63665F6F 		.ascii	"cf_off_flags\000"
 1568      66665F66 
 1568      6C616773 
 1568      00
 1569              	.LASF66:
 1570 017f 6D5F7175 		.ascii	"m_queue\000"
 1570      65756500 
 1571              	.LASF71:
 1572 0187 77746F62 		.ascii	"wtobjp\000"
 1572      6A7000
 1573              	.LASF17:
 1574 018e 74736C69 		.ascii	"tslices_t\000"
 1574      6365735F 
 1574      7400
 1575              	.LASF5:
 1576 0198 6C6F6E67 		.ascii	"long int\000"
 1576      20696E74 
 1576      00
 1577              	.LASF15:
 1578 01a1 74737461 		.ascii	"tstate_t\000"
 1578      74655F74 
 1578      00
 1579              	.LASF9:
 1580 01aa 75696E74 		.ascii	"uint16_t\000"
 1580      31365F74 
 1580      00
 1581              	.LASF92:
 1582 01b3 63686465 		.ascii	"chdebug_t\000"
 1582      6275675F 
 1582      7400
 1583              	.LASF27:
 1584 01bd 705F6E65 		.ascii	"p_newer\000"
 1584      77657200 
 1585              	.LASF94:
ARM GAS  /tmp/cccEn1SS.s 			page 30


 1586 01c5 5F69646C 		.ascii	"_idle_thread_wa\000"
 1586      655F7468 
 1586      72656164 
 1586      5F776100 
 1587              	.LASF59:
 1588 01d5 725F6E65 		.ascii	"r_newer\000"
 1588      77657200 
 1589              	.LASF44:
 1590 01dd 72656761 		.ascii	"regarm_t\000"
 1590      726D5F74 
 1590      00
 1591              	.LASF50:
 1592 01e6 76745F70 		.ascii	"vt_prev\000"
 1592      72657600 
 1593              	.LASF3:
 1594 01ee 73697A65 		.ascii	"size_t\000"
 1594      5F7400
 1595              	.LASF0:
 1596 01f5 756E7369 		.ascii	"unsigned int\000"
 1596      676E6564 
 1596      20696E74 
 1596      00
 1597              	.LASF49:
 1598 0202 76745F6E 		.ascii	"vt_next\000"
 1598      65787400 
 1599              	.LASF12:
 1600 020a 6C6F6E67 		.ascii	"long unsigned int\000"
 1600      20756E73 
 1600      69676E65 
 1600      6420696E 
 1600      7400
 1601              	.LASF93:
 1602 021c 63685F64 		.ascii	"ch_debug\000"
 1602      65627567 
 1602      00
 1603              	.LASF74:
 1604 0225 63685F69 		.ascii	"ch_identifier\000"
 1604      64656E74 
 1604      69666965 
 1604      7200
 1605              	.LASF46:
 1606 0233 636F6E74 		.ascii	"context\000"
 1606      65787400 
 1607              	.LASF10:
 1608 023b 73686F72 		.ascii	"short unsigned int\000"
 1608      7420756E 
 1608      7369676E 
 1608      65642069 
 1608      6E7400
 1609              	.LASF19:
 1610 024e 6D73675F 		.ascii	"msg_t\000"
 1610      7400
 1611              	.LASF14:
 1612 0254 746D6F64 		.ascii	"tmode_t\000"
 1612      655F7400 
 1613              	.LASF42:
 1614 025c 54687265 		.ascii	"ThreadsList\000"
ARM GAS  /tmp/cccEn1SS.s 			page 31


 1614      6164734C 
 1614      69737400 
 1615              	.LASF20:
 1616 0268 6576656E 		.ascii	"eventmask_t\000"
 1616      746D6173 
 1616      6B5F7400 
 1617              	.LASF65:
 1618 0274 4D757465 		.ascii	"Mutex\000"
 1618      7800
 1619              	.LASF43:
 1620 027a 73746B61 		.ascii	"stkalign_t\000"
 1620      6C69676E 
 1620      5F7400
 1621              	.LASF75:
 1622 0285 63685F7A 		.ascii	"ch_zero\000"
 1622      65726F00 
 1623              	.LASF89:
 1624 028d 63665F6F 		.ascii	"cf_off_refs\000"
 1624      66665F72 
 1624      65667300 
 1625              	.LASF51:
 1626 0299 76745F74 		.ascii	"vt_time\000"
 1626      696D6500 
 1627              	.LASF52:
 1628 02a1 76745F66 		.ascii	"vt_func\000"
 1628      756E6300 
 1629              	.LASF79:
 1630 02a9 63685F74 		.ascii	"ch_timesize\000"
 1630      696D6573 
 1630      697A6500 
 1631              	.LASF85:
 1632 02b5 63665F6F 		.ascii	"cf_off_name\000"
 1632      66665F6E 
 1632      616D6500 
 1633              	.LASF28:
 1634 02c1 705F6F6C 		.ascii	"p_older\000"
 1634      64657200 
 1635              	.LASF58:
 1636 02c9 725F6374 		.ascii	"r_ctx\000"
 1636      7800
 1637              	.LASF41:
 1638 02cf 54687265 		.ascii	"ThreadsQueue\000"
 1638      61647351 
 1638      75657565 
 1638      00
 1639              	.LASF76:
 1640 02dc 63685F73 		.ascii	"ch_size\000"
 1640      697A6500 
 1641              	.LASF61:
 1642 02e4 725F6375 		.ascii	"r_current\000"
 1642      7272656E 
 1642      7400
 1643              	.LASF60:
 1644 02ee 725F6F6C 		.ascii	"r_older\000"
 1644      64657200 
 1645              	.LASF16:
 1646 02f6 74726566 		.ascii	"trefs_t\000"
ARM GAS  /tmp/cccEn1SS.s 			page 32


 1646      735F7400 
 1647              	.LASF78:
 1648 02fe 63685F70 		.ascii	"ch_ptrsize\000"
 1648      74727369 
 1648      7A6500
 1649              	.LASF24:
 1650 0309 705F7072 		.ascii	"p_prev\000"
 1650      657600
 1651              	.LASF18:
 1652 0310 74707269 		.ascii	"tprio_t\000"
 1652      6F5F7400 
 1653              	.LASF4:
 1654 0318 696E7433 		.ascii	"int32_t\000"
 1654      325F7400 
 1655              	.LASF8:
 1656 0320 756E7369 		.ascii	"unsigned char\000"
 1656      676E6564 
 1656      20636861 
 1656      7200
 1657              	.LASF39:
 1658 032e 705F6D74 		.ascii	"p_mtxlist\000"
 1658      786C6973 
 1658      7400
 1659              	.LASF2:
 1660 0338 73686F72 		.ascii	"short int\000"
 1660      7420696E 
 1660      7400
 1661              	.LASF30:
 1662 0342 705F7374 		.ascii	"p_state\000"
 1662      61746500 
 1663              	.LASF33:
 1664 034a 705F7072 		.ascii	"p_preempt\000"
 1664      65656D70 
 1664      7400
 1665              	.LASF91:
 1666 0354 63665F6F 		.ascii	"cf_off_time\000"
 1666      66665F74 
 1666      696D6500 
 1667              	.LASF57:
 1668 0360 725F7072 		.ascii	"r_prio\000"
 1668      696F00
 1669              	.LASF72:
 1670 0367 65776D61 		.ascii	"ewmask\000"
 1670      736B00
 1671              	.LASF23:
 1672 036e 705F6E65 		.ascii	"p_next\000"
 1672      787400
 1673              	.LASF90:
 1674 0375 63665F6F 		.ascii	"cf_off_preempt\000"
 1674      66665F70 
 1674      7265656D 
 1674      707400
 1675              	.LASF31:
 1676 0384 705F666C 		.ascii	"p_flags\000"
 1676      61677300 
 1677              	.LASF100:
 1678 038c 63685468 		.ascii	"chThdRelease\000"
ARM GAS  /tmp/cccEn1SS.s 			page 33


 1678      6452656C 
 1678      65617365 
 1678      00
 1679              	.LASF22:
 1680 0399 54687265 		.ascii	"Thread\000"
 1680      616400
 1681              	.LASF83:
 1682 03a0 63665F6F 		.ascii	"cf_off_newer\000"
 1682      66665F6E 
 1682      65776572 
 1682      00
 1683              	.LASF38:
 1684 03ad 705F6570 		.ascii	"p_epending\000"
 1684      656E6469 
 1684      6E6700
 1685              	.LASF11:
 1686 03b8 75696E74 		.ascii	"uint32_t\000"
 1686      33325F74 
 1686      00
 1687              	.LASF81:
 1688 03c1 63665F6F 		.ascii	"cf_off_prio\000"
 1688      66665F70 
 1688      72696F00 
 1689              	.LASF56:
 1690 03cd 725F7175 		.ascii	"r_queue\000"
 1690      65756500 
 1691              	.LASF48:
 1692 03d5 56697274 		.ascii	"VirtualTimer\000"
 1692      75616C54 
 1692      696D6572 
 1692      00
 1693              	.LASF99:
 1694 03e2 2F686F6D 		.ascii	"/home/taskman/arduino/embedded-wind-turbine/Data_Co"
 1694      652F7461 
 1694      736B6D61 
 1694      6E2F6172 
 1694      6475696E 
 1695 0415 6C6C6563 		.ascii	"llector/raspberry/compiler/ChibiOS-RPi/led\000"
 1695      746F722F 
 1695      72617370 
 1695      62657272 
 1695      792F636F 
 1696              	.LASF73:
 1697 0440 63686172 		.ascii	"char\000"
 1697      00
 1698              	.LASF95:
 1699 0445 63685265 		.ascii	"chRegNextThread\000"
 1699      674E6578 
 1699      74546872 
 1699      65616400 
 1700              	.LASF68:
 1701 0455 6D5F6E65 		.ascii	"m_next\000"
 1701      787400
 1702              	.LASF21:
 1703 045c 73797374 		.ascii	"systime_t\000"
 1703      696D655F 
 1703      7400
ARM GAS  /tmp/cccEn1SS.s 			page 34


 1704              	.LASF40:
 1705 0466 705F7265 		.ascii	"p_realprio\000"
 1705      616C7072 
 1705      696F00
 1706              	.LASF47:
 1707 0471 76746675 		.ascii	"vtfunc_t\000"
 1707      6E635F74 
 1707      00
 1708              	.LASF98:
 1709 047a 2E2E2F6F 		.ascii	"../os/kernel/src/chregistry.c\000"
 1709      732F6B65 
 1709      726E656C 
 1709      2F737263 
 1709      2F636872 
 1710              	.LASF45:
 1711 0498 696E7463 		.ascii	"intctx\000"
 1711      747800
 1712              	.LASF36:
 1713 049f 705F6D73 		.ascii	"p_msgqueue\000"
 1713      67717565 
 1713      756500
 1714              	.LASF53:
 1715 04aa 76745F70 		.ascii	"vt_par\000"
 1715      617200
 1716              	.LASF82:
 1717 04b1 63665F6F 		.ascii	"cf_off_ctx\000"
 1717      66665F63 
 1717      747800
 1718              	.LASF32:
 1719 04bc 705F7265 		.ascii	"p_refs\000"
 1719      667300
 1720              	.LASF62:
 1721 04c3 52656164 		.ascii	"ReadyList\000"
 1721      794C6973 
 1721      7400
 1722              	.LASF64:
 1723 04cd 726C6973 		.ascii	"rlist\000"
 1723      7400
 1724              	.LASF7:
 1725 04d3 75696E74 		.ascii	"uint8_t\000"
 1725      385F7400 
 1726              	.LASF34:
 1727 04db 705F7469 		.ascii	"p_time\000"
 1727      6D6500
 1728              	.LASF29:
 1729 04e2 705F6E61 		.ascii	"p_name\000"
 1729      6D6500
 1730              	.LASF54:
 1731 04e9 76745F73 		.ascii	"vt_systime\000"
 1731      79737469 
 1731      6D6500
 1732              	.LASF77:
 1733 04f4 63685F76 		.ascii	"ch_version\000"
 1733      65727369 
 1733      6F6E00
 1734              	.LASF55:
 1735 04ff 56544C69 		.ascii	"VTList\000"
ARM GAS  /tmp/cccEn1SS.s 			page 35


 1735      737400
 1736              	.LASF67:
 1737 0506 6D5F6F77 		.ascii	"m_owner\000"
 1737      6E657200 
 1738              	.LASF26:
 1739 050e 705F6374 		.ascii	"p_ctx\000"
 1739      7800
 1740              	.LASF35:
 1741 0514 705F7761 		.ascii	"p_waiting\000"
 1741      6974696E 
 1741      6700
 1742              		.ident	"GCC: (15:9-2019-q4-0ubuntu1) 9.2.1 20191025 (release) [ARM/arm-9-branch revision 277599]"
ARM GAS  /tmp/cccEn1SS.s 			page 36


DEFINED SYMBOLS
                            *ABS*:0000000000000000 chregistry.c
     /tmp/cccEn1SS.s:16     .text.chRegFirstThread:0000000000000000 $a
     /tmp/cccEn1SS.s:23     .text.chRegFirstThread:0000000000000000 chRegFirstThread
     /tmp/cccEn1SS.s:66     .text.chRegFirstThread:0000000000000020 $d
     /tmp/cccEn1SS.s:71     .text.chRegNextThread:0000000000000000 $a
     /tmp/cccEn1SS.s:77     .text.chRegNextThread:0000000000000000 chRegNextThread
     /tmp/cccEn1SS.s:140    .text.chRegNextThread:0000000000000034 $d
     /tmp/cccEn1SS.s:149    .rodata.ch_debug:0000000000000000 ch_debug
     /tmp/cccEn1SS.s:146    .rodata.ch_debug:0000000000000000 $d

UNDEFINED SYMBOLS
rlist
chThdRelease
